11:44:06 INFO  : Registering command handlers for SDK TCF services
11:44:07 INFO  : Launching XSCT server: xsct.bat -interactive C:\Users\shilk\Desktop\lab_1\lab_1.sdk\temp_xsdb_launch_script.tcl
11:44:10 INFO  : XSCT server has started successfully.
11:44:10 INFO  : Successfully done setting XSCT server connection channel  
11:44:16 INFO  : Processing command line option -hwspec C:/Users/shilk/Desktop/lab_1/lab_1.sdk/design_1_wrapper.hdf.
11:44:16 INFO  : Successfully done setting SDK workspace  
18:13:29 INFO  : Registering command handlers for SDK TCF services
18:13:30 INFO  : Launching XSCT server: xsct.bat -interactive C:\Users\shilk\Desktop\lab_1\lab_1.sdk\temp_xsdb_launch_script.tcl
18:13:33 INFO  : XSCT server has started successfully.
18:13:36 INFO  : Processing command line option -hwspec C:/Users/shilk/Desktop/lab_1/lab_1.sdk/design_1_wrapper.hdf.
18:13:36 INFO  : Successfully done setting XSCT server connection channel  
18:13:36 INFO  : Successfully done setting SDK workspace  
18:13:36 INFO  : Checking for hwspec changes in the project design_1_wrapper_hw_platform_0.
21:09:00 INFO  : Connected to target on host '127.0.0.1' and port '3121'.
21:09:18 INFO  : ----------------XSDB Script----------------
connect -url tcp:127.0.0.1:3121
----------------End of Script----------------

21:20:28 INFO  : Registering command handlers for SDK TCF services
21:20:30 INFO  : Launching XSCT server: xsct.bat -interactive E:\University\4course\SoC\Labs\1\V2\SoC_Lab1\lab_1.sdk\temp_xsdb_launch_script.tcl
21:20:55 INFO  : XSCT server has started successfully.
21:21:00 INFO  : Successfully done setting XSCT server connection channel  
21:21:00 INFO  : Successfully done setting SDK workspace  
21:21:00 INFO  : Processing command line option -hwspec E:/University/4course/SoC/Labs/1/V2/SoC_Lab1/lab_1.sdk/design_1_wrapper.hdf.
00:12:03 INFO  : Connected to target on host '127.0.0.1' and port '3121'.
00:12:22 INFO  : ----------------XSDB Script----------------
connect -url tcp:127.0.0.1:3121
----------------End of Script----------------

14:06:14 INFO  : Registering command handlers for SDK TCF services
14:06:16 INFO  : Launching XSCT server: xsct.bat -interactive E:\University\4course\SoC\Labs\1\V2\SoC_Lab1\lab_1.sdk\temp_xsdb_launch_script.tcl
14:06:30 INFO  : XSCT server has started successfully.
14:07:12 INFO  : Successfully done setting XSCT server connection channel  
14:07:12 INFO  : Successfully done setting SDK workspace  
14:07:12 INFO  : Processing command line option -hwspec E:/University/4course/SoC/Labs/1/V2/SoC_Lab1/lab_1.sdk/design_1_wrapper.hdf.
14:07:12 INFO  : Checking for hwspec changes in the project design_1_wrapper_hw_platform_1.
14:58:55 INFO  : Connected to target on host '127.0.0.1' and port '3121'.
14:58:57 INFO  : Jtag cable 'Digilent Nexys4DDR 210292709610A' is selected.
14:58:58 INFO  : 'jtag frequency' command is executed.
14:58:58 INFO  : 'targets -set -filter {jtag_cable_name =~ "Digilent Nexys4DDR 210292709610A" && level==0} -index 0' command is executed.
14:59:01 INFO  : FPGA configured successfully with bitstream "E:/University/4course/SoC/Labs/1/V2/SoC_Lab1/lab_1.runs/impl_1/design_1_wrapper.bit"
14:59:02 INFO  : 'configparams mdm-detect-bscan-mask 2' command is executed.
14:59:02 INFO  : Context for processor 'microblaze_0' is selected.
14:59:02 INFO  : System reset is completed.
14:59:05 INFO  : 'after 3000' command is executed.
14:59:06 INFO  : Context for processor 'microblaze_0' is selected.
14:59:07 INFO  : The application 'E:/University/4course/SoC/Labs/1/V2/SoC_Lab1/lab_1.sdk/lab_1/Debug/lab_1.elf' is downloaded to processor 'microblaze_0'.
14:59:07 INFO  : ----------------XSDB Script----------------
connect -url tcp:127.0.0.1:3121
targets -set -filter {jtag_cable_name =~ "Digilent Nexys4DDR 210292709610A" && level==0} -index 0
fpga -file E:/University/4course/SoC/Labs/1/V2/SoC_Lab1/lab_1.runs/impl_1/design_1_wrapper.bit
configparams mdm-detect-bscan-mask 2
targets -set -nocase -filter {name =~ "microblaze*#0" && bscan=="USER2"  && jtag_cable_name =~ "Digilent Nexys4DDR 210292709610A"} -index 0
rst -system
after 3000
targets -set -nocase -filter {name =~ "microblaze*#0" && bscan=="USER2"  && jtag_cable_name =~ "Digilent Nexys4DDR 210292709610A"} -index 0
dow E:/University/4course/SoC/Labs/1/V2/SoC_Lab1/lab_1.sdk/lab_1/Debug/lab_1.elf
----------------End of Script----------------

14:59:07 INFO  : Memory regions updated for context MicroBlaze #0
14:59:07 INFO  : Memory regions updated for context MicroBlaze Debug Module at USER2
14:59:07 INFO  : Context for processor 'microblaze_0' is selected.
14:59:07 INFO  : 'con' command is executed.
14:59:07 INFO  : ----------------XSDB Script (After Launch)----------------
targets -set -nocase -filter {name =~ "microblaze*#0" && bscan=="USER2"  && jtag_cable_name =~ "Digilent Nexys4DDR 210292709610A"} -index 0
con
----------------End of Script----------------

14:59:08 INFO  : Launch script is exported to file 'E:\University\4course\SoC\Labs\1\V2\SoC_Lab1\lab_1.sdk\.sdk\launch_scripts\xilinx_c-c++_application_(system_debugger)\debug.tcl'
15:01:13 INFO  : Disconnected from the channel tcfchan#1.
15:01:14 INFO  : Connected to target on host '127.0.0.1' and port '3121'.
15:01:14 INFO  : Jtag cable 'Digilent Nexys4DDR 210292709610A' is selected.
15:01:14 INFO  : 'jtag frequency' command is executed.
15:01:14 INFO  : 'targets -set -filter {jtag_cable_name =~ "Digilent Nexys4DDR 210292709610A" && level==0} -index 0' command is executed.
15:01:17 INFO  : FPGA configured successfully with bitstream "E:/University/4course/SoC/Labs/1/V2/SoC_Lab1/lab_1.runs/impl_1/design_1_wrapper.bit"
15:01:17 INFO  : 'configparams mdm-detect-bscan-mask 2' command is executed.
15:01:17 INFO  : Context for processor 'microblaze_0' is selected.
15:01:17 INFO  : System reset is completed.
15:01:20 INFO  : 'after 3000' command is executed.
15:01:20 INFO  : Context for processor 'microblaze_0' is selected.
15:01:21 INFO  : The application 'E:/University/4course/SoC/Labs/1/V2/SoC_Lab1/lab_1.sdk/lab_1/Debug/lab_1.elf' is downloaded to processor 'microblaze_0'.
15:01:21 INFO  : ----------------XSDB Script----------------
connect -url tcp:127.0.0.1:3121
targets -set -filter {jtag_cable_name =~ "Digilent Nexys4DDR 210292709610A" && level==0} -index 0
fpga -file E:/University/4course/SoC/Labs/1/V2/SoC_Lab1/lab_1.runs/impl_1/design_1_wrapper.bit
configparams mdm-detect-bscan-mask 2
targets -set -nocase -filter {name =~ "microblaze*#0" && bscan=="USER2"  && jtag_cable_name =~ "Digilent Nexys4DDR 210292709610A"} -index 0
rst -system
after 3000
targets -set -nocase -filter {name =~ "microblaze*#0" && bscan=="USER2"  && jtag_cable_name =~ "Digilent Nexys4DDR 210292709610A"} -index 0
dow E:/University/4course/SoC/Labs/1/V2/SoC_Lab1/lab_1.sdk/lab_1/Debug/lab_1.elf
----------------End of Script----------------

15:01:21 INFO  : Memory regions updated for context MicroBlaze #0
15:01:21 INFO  : Memory regions updated for context MicroBlaze Debug Module at USER2
15:01:21 INFO  : Context for processor 'microblaze_0' is selected.
15:01:21 INFO  : 'con' command is executed.
15:01:21 INFO  : ----------------XSDB Script (After Launch)----------------
targets -set -nocase -filter {name =~ "microblaze*#0" && bscan=="USER2"  && jtag_cable_name =~ "Digilent Nexys4DDR 210292709610A"} -index 0
con
----------------End of Script----------------

15:01:21 INFO  : Launch script is exported to file 'E:\University\4course\SoC\Labs\1\V2\SoC_Lab1\lab_1.sdk\.sdk\launch_scripts\xilinx_c-c++_application_(system_debugger)\debug.tcl'
15:17:21 INFO  : Disconnected from the channel tcfchan#2.
15:17:22 INFO  : Connected to target on host '127.0.0.1' and port '3121'.
15:17:23 INFO  : Jtag cable 'Digilent Nexys4DDR 210292709610A' is selected.
15:17:23 INFO  : 'jtag frequency' command is executed.
15:17:23 INFO  : 'targets -set -filter {jtag_cable_name =~ "Digilent Nexys4DDR 210292709610A" && level==0} -index 0' command is executed.
15:17:25 INFO  : FPGA configured successfully with bitstream "E:/University/4course/SoC/Labs/1/V2/SoC_Lab1/lab_1.runs/impl_1/design_1_wrapper.bit"
15:17:25 INFO  : 'configparams mdm-detect-bscan-mask 2' command is executed.
15:17:25 INFO  : Context for processor 'microblaze_0' is selected.
15:17:25 INFO  : System reset is completed.
15:17:28 INFO  : 'after 3000' command is executed.
15:17:28 INFO  : Context for processor 'microblaze_0' is selected.
15:17:29 INFO  : The application 'E:/University/4course/SoC/Labs/1/V2/SoC_Lab1/lab_1.sdk/lab_1/Debug/lab_1.elf' is downloaded to processor 'microblaze_0'.
15:17:29 INFO  : ----------------XSDB Script----------------
connect -url tcp:127.0.0.1:3121
targets -set -filter {jtag_cable_name =~ "Digilent Nexys4DDR 210292709610A" && level==0} -index 0
fpga -file E:/University/4course/SoC/Labs/1/V2/SoC_Lab1/lab_1.runs/impl_1/design_1_wrapper.bit
configparams mdm-detect-bscan-mask 2
targets -set -nocase -filter {name =~ "microblaze*#0" && bscan=="USER2"  && jtag_cable_name =~ "Digilent Nexys4DDR 210292709610A"} -index 0
rst -system
after 3000
targets -set -nocase -filter {name =~ "microblaze*#0" && bscan=="USER2"  && jtag_cable_name =~ "Digilent Nexys4DDR 210292709610A"} -index 0
dow E:/University/4course/SoC/Labs/1/V2/SoC_Lab1/lab_1.sdk/lab_1/Debug/lab_1.elf
----------------End of Script----------------

15:17:29 INFO  : Memory regions updated for context MicroBlaze #0
15:17:29 INFO  : Memory regions updated for context MicroBlaze Debug Module at USER2
15:17:29 INFO  : Context for processor 'microblaze_0' is selected.
15:17:29 INFO  : 'con' command is executed.
15:17:29 INFO  : ----------------XSDB Script (After Launch)----------------
targets -set -nocase -filter {name =~ "microblaze*#0" && bscan=="USER2"  && jtag_cable_name =~ "Digilent Nexys4DDR 210292709610A"} -index 0
con
----------------End of Script----------------

15:17:29 INFO  : Launch script is exported to file 'E:\University\4course\SoC\Labs\1\V2\SoC_Lab1\lab_1.sdk\.sdk\launch_scripts\xilinx_c-c++_application_(system_debugger)\debug.tcl'
15:20:17 INFO  : Disconnected from the channel tcfchan#3.
15:20:18 INFO  : Connected to target on host '127.0.0.1' and port '3121'.
15:20:18 INFO  : Jtag cable 'Digilent Nexys4DDR 210292709610A' is selected.
15:20:18 INFO  : 'jtag frequency' command is executed.
15:20:18 INFO  : 'targets -set -filter {jtag_cable_name =~ "Digilent Nexys4DDR 210292709610A" && level==0} -index 0' command is executed.
15:20:20 INFO  : FPGA configured successfully with bitstream "E:/University/4course/SoC/Labs/1/V2/SoC_Lab1/lab_1.runs/impl_1/design_1_wrapper.bit"
15:20:20 INFO  : 'configparams mdm-detect-bscan-mask 2' command is executed.
15:20:21 INFO  : Context for processor 'microblaze_0' is selected.
15:20:21 INFO  : System reset is completed.
15:20:24 INFO  : 'after 3000' command is executed.
15:20:24 INFO  : Context for processor 'microblaze_0' is selected.
15:20:24 INFO  : The application 'E:/University/4course/SoC/Labs/1/V2/SoC_Lab1/lab_1.sdk/lab_1/Debug/lab_1.elf' is downloaded to processor 'microblaze_0'.
15:20:24 INFO  : ----------------XSDB Script----------------
connect -url tcp:127.0.0.1:3121
targets -set -filter {jtag_cable_name =~ "Digilent Nexys4DDR 210292709610A" && level==0} -index 0
fpga -file E:/University/4course/SoC/Labs/1/V2/SoC_Lab1/lab_1.runs/impl_1/design_1_wrapper.bit
configparams mdm-detect-bscan-mask 2
targets -set -nocase -filter {name =~ "microblaze*#0" && bscan=="USER2"  && jtag_cable_name =~ "Digilent Nexys4DDR 210292709610A"} -index 0
rst -system
after 3000
targets -set -nocase -filter {name =~ "microblaze*#0" && bscan=="USER2"  && jtag_cable_name =~ "Digilent Nexys4DDR 210292709610A"} -index 0
dow E:/University/4course/SoC/Labs/1/V2/SoC_Lab1/lab_1.sdk/lab_1/Debug/lab_1.elf
----------------End of Script----------------

15:20:24 INFO  : Memory regions updated for context MicroBlaze #0
15:20:24 INFO  : Memory regions updated for context MicroBlaze Debug Module at USER2
15:20:24 INFO  : Context for processor 'microblaze_0' is selected.
15:20:24 INFO  : 'con' command is executed.
15:20:24 INFO  : ----------------XSDB Script (After Launch)----------------
targets -set -nocase -filter {name =~ "microblaze*#0" && bscan=="USER2"  && jtag_cable_name =~ "Digilent Nexys4DDR 210292709610A"} -index 0
con
----------------End of Script----------------

15:20:24 INFO  : Launch script is exported to file 'E:\University\4course\SoC\Labs\1\V2\SoC_Lab1\lab_1.sdk\.sdk\launch_scripts\xilinx_c-c++_application_(system_debugger)\debug.tcl'
15:34:09 INFO  : Disconnected from the channel tcfchan#4.
15:34:10 INFO  : Connected to target on host '127.0.0.1' and port '3121'.
15:34:10 INFO  : Jtag cable 'Digilent Nexys4DDR 210292709610A' is selected.
15:34:10 INFO  : 'jtag frequency' command is executed.
15:34:10 INFO  : 'targets -set -filter {jtag_cable_name =~ "Digilent Nexys4DDR 210292709610A" && level==0} -index 0' command is executed.
15:34:12 INFO  : FPGA configured successfully with bitstream "E:/University/4course/SoC/Labs/1/V2/SoC_Lab1/lab_1.runs/impl_1/design_1_wrapper.bit"
15:34:12 INFO  : 'configparams mdm-detect-bscan-mask 2' command is executed.
15:34:13 INFO  : Context for processor 'microblaze_0' is selected.
15:34:13 INFO  : System reset is completed.
15:34:16 INFO  : 'after 3000' command is executed.
15:34:16 INFO  : Context for processor 'microblaze_0' is selected.
15:34:16 INFO  : The application 'E:/University/4course/SoC/Labs/1/V2/SoC_Lab1/lab_1.sdk/lab_1/Debug/lab_1.elf' is downloaded to processor 'microblaze_0'.
15:34:16 INFO  : ----------------XSDB Script----------------
connect -url tcp:127.0.0.1:3121
targets -set -filter {jtag_cable_name =~ "Digilent Nexys4DDR 210292709610A" && level==0} -index 0
fpga -file E:/University/4course/SoC/Labs/1/V2/SoC_Lab1/lab_1.runs/impl_1/design_1_wrapper.bit
configparams mdm-detect-bscan-mask 2
targets -set -nocase -filter {name =~ "microblaze*#0" && bscan=="USER2"  && jtag_cable_name =~ "Digilent Nexys4DDR 210292709610A"} -index 0
rst -system
after 3000
targets -set -nocase -filter {name =~ "microblaze*#0" && bscan=="USER2"  && jtag_cable_name =~ "Digilent Nexys4DDR 210292709610A"} -index 0
dow E:/University/4course/SoC/Labs/1/V2/SoC_Lab1/lab_1.sdk/lab_1/Debug/lab_1.elf
----------------End of Script----------------

15:34:17 INFO  : Memory regions updated for context MicroBlaze #0
15:34:17 INFO  : Memory regions updated for context MicroBlaze Debug Module at USER2
15:34:18 INFO  : Context for processor 'microblaze_0' is selected.
15:34:18 INFO  : 'con' command is executed.
15:34:18 INFO  : ----------------XSDB Script (After Launch)----------------
targets -set -nocase -filter {name =~ "microblaze*#0" && bscan=="USER2"  && jtag_cable_name =~ "Digilent Nexys4DDR 210292709610A"} -index 0
con
----------------End of Script----------------

15:34:18 INFO  : Launch script is exported to file 'E:\University\4course\SoC\Labs\1\V2\SoC_Lab1\lab_1.sdk\.sdk\launch_scripts\xilinx_c-c++_application_(system_debugger)\debug.tcl'
15:37:27 INFO  : Disconnected from the channel tcfchan#5.
15:37:28 INFO  : Connected to target on host '127.0.0.1' and port '3121'.
15:37:28 INFO  : Jtag cable 'Digilent Nexys4DDR 210292709610A' is selected.
15:37:28 INFO  : 'jtag frequency' command is executed.
15:37:28 INFO  : 'targets -set -filter {jtag_cable_name =~ "Digilent Nexys4DDR 210292709610A" && level==0} -index 0' command is executed.
15:37:30 INFO  : FPGA configured successfully with bitstream "E:/University/4course/SoC/Labs/1/V2/SoC_Lab1/lab_1.runs/impl_1/design_1_wrapper.bit"
15:37:30 INFO  : 'configparams mdm-detect-bscan-mask 2' command is executed.
15:37:31 INFO  : Context for processor 'microblaze_0' is selected.
15:37:31 INFO  : System reset is completed.
15:37:34 INFO  : 'after 3000' command is executed.
15:37:34 INFO  : Context for processor 'microblaze_0' is selected.
15:37:34 INFO  : The application 'E:/University/4course/SoC/Labs/1/V2/SoC_Lab1/lab_1.sdk/lab_1/Debug/lab_1.elf' is downloaded to processor 'microblaze_0'.
15:37:34 INFO  : ----------------XSDB Script----------------
connect -url tcp:127.0.0.1:3121
targets -set -filter {jtag_cable_name =~ "Digilent Nexys4DDR 210292709610A" && level==0} -index 0
fpga -file E:/University/4course/SoC/Labs/1/V2/SoC_Lab1/lab_1.runs/impl_1/design_1_wrapper.bit
configparams mdm-detect-bscan-mask 2
targets -set -nocase -filter {name =~ "microblaze*#0" && bscan=="USER2"  && jtag_cable_name =~ "Digilent Nexys4DDR 210292709610A"} -index 0
rst -system
after 3000
targets -set -nocase -filter {name =~ "microblaze*#0" && bscan=="USER2"  && jtag_cable_name =~ "Digilent Nexys4DDR 210292709610A"} -index 0
dow E:/University/4course/SoC/Labs/1/V2/SoC_Lab1/lab_1.sdk/lab_1/Debug/lab_1.elf
----------------End of Script----------------

15:37:34 INFO  : Memory regions updated for context MicroBlaze #0
15:37:34 INFO  : Memory regions updated for context MicroBlaze Debug Module at USER2
15:37:35 INFO  : Context for processor 'microblaze_0' is selected.
15:37:35 INFO  : 'con' command is executed.
15:37:35 INFO  : ----------------XSDB Script (After Launch)----------------
targets -set -nocase -filter {name =~ "microblaze*#0" && bscan=="USER2"  && jtag_cable_name =~ "Digilent Nexys4DDR 210292709610A"} -index 0
con
----------------End of Script----------------

15:37:35 INFO  : Launch script is exported to file 'E:\University\4course\SoC\Labs\1\V2\SoC_Lab1\lab_1.sdk\.sdk\launch_scripts\xilinx_c-c++_application_(system_debugger)\debug.tcl'
15:42:07 INFO  : Disconnected from the channel tcfchan#6.
15:42:08 INFO  : Connected to target on host '127.0.0.1' and port '3121'.
15:42:08 INFO  : Jtag cable 'Digilent Nexys4DDR 210292709610A' is selected.
15:42:08 INFO  : 'jtag frequency' command is executed.
15:42:09 INFO  : 'targets -set -filter {jtag_cable_name =~ "Digilent Nexys4DDR 210292709610A" && level==0} -index 0' command is executed.
15:42:11 INFO  : FPGA configured successfully with bitstream "E:/University/4course/SoC/Labs/1/V2/SoC_Lab1/lab_1.runs/impl_1/design_1_wrapper.bit"
15:42:11 INFO  : 'configparams mdm-detect-bscan-mask 2' command is executed.
15:42:11 INFO  : Context for processor 'microblaze_0' is selected.
15:42:11 INFO  : System reset is completed.
15:42:14 INFO  : 'after 3000' command is executed.
15:42:14 INFO  : Context for processor 'microblaze_0' is selected.
15:42:15 INFO  : The application 'E:/University/4course/SoC/Labs/1/V2/SoC_Lab1/lab_1.sdk/lab_1/Debug/lab_1.elf' is downloaded to processor 'microblaze_0'.
15:42:15 INFO  : ----------------XSDB Script----------------
connect -url tcp:127.0.0.1:3121
targets -set -filter {jtag_cable_name =~ "Digilent Nexys4DDR 210292709610A" && level==0} -index 0
fpga -file E:/University/4course/SoC/Labs/1/V2/SoC_Lab1/lab_1.runs/impl_1/design_1_wrapper.bit
configparams mdm-detect-bscan-mask 2
targets -set -nocase -filter {name =~ "microblaze*#0" && bscan=="USER2"  && jtag_cable_name =~ "Digilent Nexys4DDR 210292709610A"} -index 0
rst -system
after 3000
targets -set -nocase -filter {name =~ "microblaze*#0" && bscan=="USER2"  && jtag_cable_name =~ "Digilent Nexys4DDR 210292709610A"} -index 0
dow E:/University/4course/SoC/Labs/1/V2/SoC_Lab1/lab_1.sdk/lab_1/Debug/lab_1.elf
----------------End of Script----------------

15:42:15 INFO  : Memory regions updated for context MicroBlaze #0
15:42:15 INFO  : Memory regions updated for context MicroBlaze Debug Module at USER2
15:42:15 INFO  : Context for processor 'microblaze_0' is selected.
15:42:15 INFO  : 'con' command is executed.
15:42:15 INFO  : ----------------XSDB Script (After Launch)----------------
targets -set -nocase -filter {name =~ "microblaze*#0" && bscan=="USER2"  && jtag_cable_name =~ "Digilent Nexys4DDR 210292709610A"} -index 0
con
----------------End of Script----------------

15:42:15 INFO  : Launch script is exported to file 'E:\University\4course\SoC\Labs\1\V2\SoC_Lab1\lab_1.sdk\.sdk\launch_scripts\xilinx_c-c++_application_(system_debugger)\debug.tcl'
15:44:59 INFO  : Disconnected from the channel tcfchan#7.
15:45:00 INFO  : Connected to target on host '127.0.0.1' and port '3121'.
15:45:00 INFO  : Jtag cable 'Digilent Nexys4DDR 210292709610A' is selected.
15:45:00 INFO  : 'jtag frequency' command is executed.
15:45:00 INFO  : 'targets -set -filter {jtag_cable_name =~ "Digilent Nexys4DDR 210292709610A" && level==0} -index 0' command is executed.
15:45:02 INFO  : FPGA configured successfully with bitstream "E:/University/4course/SoC/Labs/1/V2/SoC_Lab1/lab_1.runs/impl_1/design_1_wrapper.bit"
15:45:02 INFO  : 'configparams mdm-detect-bscan-mask 2' command is executed.
15:45:02 INFO  : Context for processor 'microblaze_0' is selected.
15:45:03 INFO  : System reset is completed.
15:45:06 INFO  : 'after 3000' command is executed.
15:45:06 INFO  : Context for processor 'microblaze_0' is selected.
15:45:06 INFO  : The application 'E:/University/4course/SoC/Labs/1/V2/SoC_Lab1/lab_1.sdk/lab_1/Debug/lab_1.elf' is downloaded to processor 'microblaze_0'.
15:45:06 INFO  : ----------------XSDB Script----------------
connect -url tcp:127.0.0.1:3121
targets -set -filter {jtag_cable_name =~ "Digilent Nexys4DDR 210292709610A" && level==0} -index 0
fpga -file E:/University/4course/SoC/Labs/1/V2/SoC_Lab1/lab_1.runs/impl_1/design_1_wrapper.bit
configparams mdm-detect-bscan-mask 2
targets -set -nocase -filter {name =~ "microblaze*#0" && bscan=="USER2"  && jtag_cable_name =~ "Digilent Nexys4DDR 210292709610A"} -index 0
rst -system
after 3000
targets -set -nocase -filter {name =~ "microblaze*#0" && bscan=="USER2"  && jtag_cable_name =~ "Digilent Nexys4DDR 210292709610A"} -index 0
dow E:/University/4course/SoC/Labs/1/V2/SoC_Lab1/lab_1.sdk/lab_1/Debug/lab_1.elf
----------------End of Script----------------

15:45:06 INFO  : Memory regions updated for context MicroBlaze #0
15:45:06 INFO  : Memory regions updated for context MicroBlaze Debug Module at USER2
15:45:07 INFO  : Context for processor 'microblaze_0' is selected.
15:45:07 INFO  : 'con' command is executed.
15:45:07 INFO  : ----------------XSDB Script (After Launch)----------------
targets -set -nocase -filter {name =~ "microblaze*#0" && bscan=="USER2"  && jtag_cable_name =~ "Digilent Nexys4DDR 210292709610A"} -index 0
con
----------------End of Script----------------

15:45:07 INFO  : Launch script is exported to file 'E:\University\4course\SoC\Labs\1\V2\SoC_Lab1\lab_1.sdk\.sdk\launch_scripts\xilinx_c-c++_application_(system_debugger)\debug.tcl'
15:46:13 INFO  : Disconnected from the channel tcfchan#8.
15:46:14 INFO  : Connected to target on host '127.0.0.1' and port '3121'.
15:46:14 INFO  : Jtag cable 'Digilent Nexys4DDR 210292709610A' is selected.
15:46:14 INFO  : 'jtag frequency' command is executed.
15:46:14 INFO  : 'targets -set -filter {jtag_cable_name =~ "Digilent Nexys4DDR 210292709610A" && level==0} -index 0' command is executed.
15:46:17 INFO  : FPGA configured successfully with bitstream "E:/University/4course/SoC/Labs/1/V2/SoC_Lab1/lab_1.runs/impl_1/design_1_wrapper.bit"
15:46:17 INFO  : 'configparams mdm-detect-bscan-mask 2' command is executed.
15:46:17 INFO  : Context for processor 'microblaze_0' is selected.
15:46:17 INFO  : System reset is completed.
15:46:20 INFO  : 'after 3000' command is executed.
15:46:20 INFO  : Context for processor 'microblaze_0' is selected.
15:46:21 INFO  : The application 'E:/University/4course/SoC/Labs/1/V2/SoC_Lab1/lab_1.sdk/lab_1/Debug/lab_1.elf' is downloaded to processor 'microblaze_0'.
15:46:21 INFO  : ----------------XSDB Script----------------
connect -url tcp:127.0.0.1:3121
targets -set -filter {jtag_cable_name =~ "Digilent Nexys4DDR 210292709610A" && level==0} -index 0
fpga -file E:/University/4course/SoC/Labs/1/V2/SoC_Lab1/lab_1.runs/impl_1/design_1_wrapper.bit
configparams mdm-detect-bscan-mask 2
targets -set -nocase -filter {name =~ "microblaze*#0" && bscan=="USER2"  && jtag_cable_name =~ "Digilent Nexys4DDR 210292709610A"} -index 0
rst -system
after 3000
targets -set -nocase -filter {name =~ "microblaze*#0" && bscan=="USER2"  && jtag_cable_name =~ "Digilent Nexys4DDR 210292709610A"} -index 0
dow E:/University/4course/SoC/Labs/1/V2/SoC_Lab1/lab_1.sdk/lab_1/Debug/lab_1.elf
----------------End of Script----------------

15:46:21 INFO  : Memory regions updated for context MicroBlaze #0
15:46:21 INFO  : Memory regions updated for context MicroBlaze Debug Module at USER2
15:46:21 INFO  : Context for processor 'microblaze_0' is selected.
15:46:21 INFO  : 'con' command is executed.
15:46:21 INFO  : ----------------XSDB Script (After Launch)----------------
targets -set -nocase -filter {name =~ "microblaze*#0" && bscan=="USER2"  && jtag_cable_name =~ "Digilent Nexys4DDR 210292709610A"} -index 0
con
----------------End of Script----------------

15:46:21 INFO  : Launch script is exported to file 'E:\University\4course\SoC\Labs\1\V2\SoC_Lab1\lab_1.sdk\.sdk\launch_scripts\xilinx_c-c++_application_(system_debugger)\debug.tcl'
15:51:07 INFO  : Disconnected from the channel tcfchan#9.
15:51:08 INFO  : Connected to target on host '127.0.0.1' and port '3121'.
15:51:08 INFO  : Jtag cable 'Digilent Nexys4DDR 210292709610A' is selected.
15:51:08 INFO  : 'jtag frequency' command is executed.
15:51:08 INFO  : 'targets -set -filter {jtag_cable_name =~ "Digilent Nexys4DDR 210292709610A" && level==0} -index 0' command is executed.
15:51:10 INFO  : FPGA configured successfully with bitstream "E:/University/4course/SoC/Labs/1/V2/SoC_Lab1/lab_1.runs/impl_1/design_1_wrapper.bit"
15:51:11 INFO  : 'configparams mdm-detect-bscan-mask 2' command is executed.
15:51:11 INFO  : Context for processor 'microblaze_0' is selected.
15:51:11 INFO  : System reset is completed.
15:51:14 INFO  : 'after 3000' command is executed.
15:51:14 INFO  : Context for processor 'microblaze_0' is selected.
15:51:14 INFO  : The application 'E:/University/4course/SoC/Labs/1/V2/SoC_Lab1/lab_1.sdk/lab_1/Debug/lab_1.elf' is downloaded to processor 'microblaze_0'.
15:51:14 INFO  : ----------------XSDB Script----------------
connect -url tcp:127.0.0.1:3121
targets -set -filter {jtag_cable_name =~ "Digilent Nexys4DDR 210292709610A" && level==0} -index 0
fpga -file E:/University/4course/SoC/Labs/1/V2/SoC_Lab1/lab_1.runs/impl_1/design_1_wrapper.bit
configparams mdm-detect-bscan-mask 2
targets -set -nocase -filter {name =~ "microblaze*#0" && bscan=="USER2"  && jtag_cable_name =~ "Digilent Nexys4DDR 210292709610A"} -index 0
rst -system
after 3000
targets -set -nocase -filter {name =~ "microblaze*#0" && bscan=="USER2"  && jtag_cable_name =~ "Digilent Nexys4DDR 210292709610A"} -index 0
dow E:/University/4course/SoC/Labs/1/V2/SoC_Lab1/lab_1.sdk/lab_1/Debug/lab_1.elf
----------------End of Script----------------

15:51:15 INFO  : Memory regions updated for context MicroBlaze #0
15:51:15 INFO  : Memory regions updated for context MicroBlaze Debug Module at USER2
15:51:15 INFO  : Context for processor 'microblaze_0' is selected.
15:51:15 INFO  : 'con' command is executed.
15:51:15 INFO  : ----------------XSDB Script (After Launch)----------------
targets -set -nocase -filter {name =~ "microblaze*#0" && bscan=="USER2"  && jtag_cable_name =~ "Digilent Nexys4DDR 210292709610A"} -index 0
con
----------------End of Script----------------

15:51:15 INFO  : Launch script is exported to file 'E:\University\4course\SoC\Labs\1\V2\SoC_Lab1\lab_1.sdk\.sdk\launch_scripts\xilinx_c-c++_application_(system_debugger)\debug.tcl'
15:54:20 INFO  : Disconnected from the channel tcfchan#10.
15:54:21 INFO  : Connected to target on host '127.0.0.1' and port '3121'.
15:54:21 INFO  : Jtag cable 'Digilent Nexys4DDR 210292709610A' is selected.
15:54:21 INFO  : 'jtag frequency' command is executed.
15:54:21 INFO  : 'targets -set -filter {jtag_cable_name =~ "Digilent Nexys4DDR 210292709610A" && level==0} -index 0' command is executed.
15:54:23 INFO  : FPGA configured successfully with bitstream "E:/University/4course/SoC/Labs/1/V2/SoC_Lab1/lab_1.runs/impl_1/design_1_wrapper.bit"
15:54:23 INFO  : 'configparams mdm-detect-bscan-mask 2' command is executed.
15:54:24 INFO  : Context for processor 'microblaze_0' is selected.
15:54:24 INFO  : System reset is completed.
15:54:27 INFO  : 'after 3000' command is executed.
15:54:27 INFO  : Context for processor 'microblaze_0' is selected.
15:54:28 INFO  : The application 'E:/University/4course/SoC/Labs/1/V2/SoC_Lab1/lab_1.sdk/lab_1/Debug/lab_1.elf' is downloaded to processor 'microblaze_0'.
15:54:28 INFO  : ----------------XSDB Script----------------
connect -url tcp:127.0.0.1:3121
targets -set -filter {jtag_cable_name =~ "Digilent Nexys4DDR 210292709610A" && level==0} -index 0
fpga -file E:/University/4course/SoC/Labs/1/V2/SoC_Lab1/lab_1.runs/impl_1/design_1_wrapper.bit
configparams mdm-detect-bscan-mask 2
targets -set -nocase -filter {name =~ "microblaze*#0" && bscan=="USER2"  && jtag_cable_name =~ "Digilent Nexys4DDR 210292709610A"} -index 0
rst -system
after 3000
targets -set -nocase -filter {name =~ "microblaze*#0" && bscan=="USER2"  && jtag_cable_name =~ "Digilent Nexys4DDR 210292709610A"} -index 0
dow E:/University/4course/SoC/Labs/1/V2/SoC_Lab1/lab_1.sdk/lab_1/Debug/lab_1.elf
----------------End of Script----------------

15:54:28 INFO  : Memory regions updated for context MicroBlaze #0
15:54:28 INFO  : Memory regions updated for context MicroBlaze Debug Module at USER2
15:54:28 INFO  : Context for processor 'microblaze_0' is selected.
15:54:28 INFO  : 'con' command is executed.
15:54:28 INFO  : ----------------XSDB Script (After Launch)----------------
targets -set -nocase -filter {name =~ "microblaze*#0" && bscan=="USER2"  && jtag_cable_name =~ "Digilent Nexys4DDR 210292709610A"} -index 0
con
----------------End of Script----------------

15:54:28 INFO  : Launch script is exported to file 'E:\University\4course\SoC\Labs\1\V2\SoC_Lab1\lab_1.sdk\.sdk\launch_scripts\xilinx_c-c++_application_(system_debugger)\debug.tcl'
15:55:22 INFO  : Disconnected from the channel tcfchan#11.
15:55:23 INFO  : Connected to target on host '127.0.0.1' and port '3121'.
15:55:23 INFO  : Jtag cable 'Digilent Nexys4DDR 210292709610A' is selected.
15:55:23 INFO  : 'jtag frequency' command is executed.
15:55:23 INFO  : 'targets -set -filter {jtag_cable_name =~ "Digilent Nexys4DDR 210292709610A" && level==0} -index 0' command is executed.
15:55:26 INFO  : FPGA configured successfully with bitstream "E:/University/4course/SoC/Labs/1/V2/SoC_Lab1/lab_1.runs/impl_1/design_1_wrapper.bit"
15:55:26 INFO  : 'configparams mdm-detect-bscan-mask 2' command is executed.
15:55:26 INFO  : Context for processor 'microblaze_0' is selected.
15:55:26 INFO  : System reset is completed.
15:55:29 INFO  : 'after 3000' command is executed.
15:55:29 INFO  : Context for processor 'microblaze_0' is selected.
15:55:30 INFO  : The application 'E:/University/4course/SoC/Labs/1/V2/SoC_Lab1/lab_1.sdk/lab_1/Debug/lab_1.elf' is downloaded to processor 'microblaze_0'.
15:55:30 INFO  : ----------------XSDB Script----------------
connect -url tcp:127.0.0.1:3121
targets -set -filter {jtag_cable_name =~ "Digilent Nexys4DDR 210292709610A" && level==0} -index 0
fpga -file E:/University/4course/SoC/Labs/1/V2/SoC_Lab1/lab_1.runs/impl_1/design_1_wrapper.bit
configparams mdm-detect-bscan-mask 2
targets -set -nocase -filter {name =~ "microblaze*#0" && bscan=="USER2"  && jtag_cable_name =~ "Digilent Nexys4DDR 210292709610A"} -index 0
rst -system
after 3000
targets -set -nocase -filter {name =~ "microblaze*#0" && bscan=="USER2"  && jtag_cable_name =~ "Digilent Nexys4DDR 210292709610A"} -index 0
dow E:/University/4course/SoC/Labs/1/V2/SoC_Lab1/lab_1.sdk/lab_1/Debug/lab_1.elf
----------------End of Script----------------

15:55:30 INFO  : Memory regions updated for context MicroBlaze #0
15:55:30 INFO  : Memory regions updated for context MicroBlaze Debug Module at USER2
15:55:30 INFO  : Context for processor 'microblaze_0' is selected.
15:55:30 INFO  : 'con' command is executed.
15:55:30 INFO  : ----------------XSDB Script (After Launch)----------------
targets -set -nocase -filter {name =~ "microblaze*#0" && bscan=="USER2"  && jtag_cable_name =~ "Digilent Nexys4DDR 210292709610A"} -index 0
con
----------------End of Script----------------

15:55:30 INFO  : Launch script is exported to file 'E:\University\4course\SoC\Labs\1\V2\SoC_Lab1\lab_1.sdk\.sdk\launch_scripts\xilinx_c-c++_application_(system_debugger)\debug.tcl'
16:01:19 INFO  : Disconnected from the channel tcfchan#12.
16:01:20 INFO  : Connected to target on host '127.0.0.1' and port '3121'.
16:01:21 INFO  : Jtag cable 'Digilent Nexys4DDR 210292709610A' is selected.
16:01:21 INFO  : 'jtag frequency' command is executed.
16:01:21 INFO  : 'targets -set -filter {jtag_cable_name =~ "Digilent Nexys4DDR 210292709610A" && level==0} -index 0' command is executed.
16:01:23 INFO  : FPGA configured successfully with bitstream "E:/University/4course/SoC/Labs/1/V2/SoC_Lab1/lab_1.runs/impl_1/design_1_wrapper.bit"
16:01:23 INFO  : 'configparams mdm-detect-bscan-mask 2' command is executed.
16:01:24 INFO  : Context for processor 'microblaze_0' is selected.
16:01:24 INFO  : System reset is completed.
16:01:27 INFO  : 'after 3000' command is executed.
16:01:27 INFO  : Context for processor 'microblaze_0' is selected.
16:01:27 INFO  : The application 'E:/University/4course/SoC/Labs/1/V2/SoC_Lab1/lab_1.sdk/lab_1/Debug/lab_1.elf' is downloaded to processor 'microblaze_0'.
16:01:27 INFO  : ----------------XSDB Script----------------
connect -url tcp:127.0.0.1:3121
targets -set -filter {jtag_cable_name =~ "Digilent Nexys4DDR 210292709610A" && level==0} -index 0
fpga -file E:/University/4course/SoC/Labs/1/V2/SoC_Lab1/lab_1.runs/impl_1/design_1_wrapper.bit
configparams mdm-detect-bscan-mask 2
targets -set -nocase -filter {name =~ "microblaze*#0" && bscan=="USER2"  && jtag_cable_name =~ "Digilent Nexys4DDR 210292709610A"} -index 0
rst -system
after 3000
targets -set -nocase -filter {name =~ "microblaze*#0" && bscan=="USER2"  && jtag_cable_name =~ "Digilent Nexys4DDR 210292709610A"} -index 0
dow E:/University/4course/SoC/Labs/1/V2/SoC_Lab1/lab_1.sdk/lab_1/Debug/lab_1.elf
----------------End of Script----------------

16:01:28 INFO  : Memory regions updated for context MicroBlaze #0
16:01:28 INFO  : Memory regions updated for context MicroBlaze Debug Module at USER2
16:01:28 INFO  : Context for processor 'microblaze_0' is selected.
16:01:28 INFO  : 'con' command is executed.
16:01:28 INFO  : ----------------XSDB Script (After Launch)----------------
targets -set -nocase -filter {name =~ "microblaze*#0" && bscan=="USER2"  && jtag_cable_name =~ "Digilent Nexys4DDR 210292709610A"} -index 0
con
----------------End of Script----------------

16:01:28 INFO  : Launch script is exported to file 'E:\University\4course\SoC\Labs\1\V2\SoC_Lab1\lab_1.sdk\.sdk\launch_scripts\xilinx_c-c++_application_(system_debugger)\debug.tcl'
16:02:35 INFO  : Disconnected from the channel tcfchan#13.
16:02:36 INFO  : Connected to target on host '127.0.0.1' and port '3121'.
16:02:37 INFO  : Jtag cable 'Digilent Nexys4DDR 210292709610A' is selected.
16:02:37 INFO  : 'jtag frequency' command is executed.
16:02:37 INFO  : 'targets -set -filter {jtag_cable_name =~ "Digilent Nexys4DDR 210292709610A" && level==0} -index 0' command is executed.
16:02:39 INFO  : FPGA configured successfully with bitstream "E:/University/4course/SoC/Labs/1/V2/SoC_Lab1/lab_1.runs/impl_1/design_1_wrapper.bit"
16:02:39 INFO  : 'configparams mdm-detect-bscan-mask 2' command is executed.
16:02:39 INFO  : Context for processor 'microblaze_0' is selected.
16:02:39 INFO  : System reset is completed.
16:02:42 INFO  : 'after 3000' command is executed.
16:02:42 INFO  : Context for processor 'microblaze_0' is selected.
16:02:43 INFO  : The application 'E:/University/4course/SoC/Labs/1/V2/SoC_Lab1/lab_1.sdk/lab_1/Debug/lab_1.elf' is downloaded to processor 'microblaze_0'.
16:02:43 INFO  : ----------------XSDB Script----------------
connect -url tcp:127.0.0.1:3121
targets -set -filter {jtag_cable_name =~ "Digilent Nexys4DDR 210292709610A" && level==0} -index 0
fpga -file E:/University/4course/SoC/Labs/1/V2/SoC_Lab1/lab_1.runs/impl_1/design_1_wrapper.bit
configparams mdm-detect-bscan-mask 2
targets -set -nocase -filter {name =~ "microblaze*#0" && bscan=="USER2"  && jtag_cable_name =~ "Digilent Nexys4DDR 210292709610A"} -index 0
rst -system
after 3000
targets -set -nocase -filter {name =~ "microblaze*#0" && bscan=="USER2"  && jtag_cable_name =~ "Digilent Nexys4DDR 210292709610A"} -index 0
dow E:/University/4course/SoC/Labs/1/V2/SoC_Lab1/lab_1.sdk/lab_1/Debug/lab_1.elf
----------------End of Script----------------

16:02:43 INFO  : Memory regions updated for context MicroBlaze #0
16:02:43 INFO  : Memory regions updated for context MicroBlaze Debug Module at USER2
16:02:43 INFO  : Context for processor 'microblaze_0' is selected.
16:02:43 INFO  : 'con' command is executed.
16:02:43 INFO  : ----------------XSDB Script (After Launch)----------------
targets -set -nocase -filter {name =~ "microblaze*#0" && bscan=="USER2"  && jtag_cable_name =~ "Digilent Nexys4DDR 210292709610A"} -index 0
con
----------------End of Script----------------

16:02:43 INFO  : Launch script is exported to file 'E:\University\4course\SoC\Labs\1\V2\SoC_Lab1\lab_1.sdk\.sdk\launch_scripts\xilinx_c-c++_application_(system_debugger)\debug.tcl'
16:03:14 INFO  : Disconnected from the channel tcfchan#14.
16:03:15 INFO  : Connected to target on host '127.0.0.1' and port '3121'.
16:03:15 INFO  : Jtag cable 'Digilent Nexys4DDR 210292709610A' is selected.
16:03:15 INFO  : 'jtag frequency' command is executed.
16:03:15 INFO  : 'targets -set -filter {jtag_cable_name =~ "Digilent Nexys4DDR 210292709610A" && level==0} -index 0' command is executed.
16:03:17 INFO  : FPGA configured successfully with bitstream "E:/University/4course/SoC/Labs/1/V2/SoC_Lab1/lab_1.runs/impl_1/design_1_wrapper.bit"
16:03:18 INFO  : 'configparams mdm-detect-bscan-mask 2' command is executed.
16:03:18 INFO  : Context for processor 'microblaze_0' is selected.
16:03:18 INFO  : System reset is completed.
16:03:21 INFO  : 'after 3000' command is executed.
16:03:21 INFO  : Context for processor 'microblaze_0' is selected.
16:03:21 ERROR : Cannot stop MicroBlaze. Stalled on memory access
16:03:21 INFO  : ----------------XSDB Script----------------
connect -url tcp:127.0.0.1:3121
targets -set -filter {jtag_cable_name =~ "Digilent Nexys4DDR 210292709610A" && level==0} -index 0
fpga -file E:/University/4course/SoC/Labs/1/V2/SoC_Lab1/lab_1.runs/impl_1/design_1_wrapper.bit
configparams mdm-detect-bscan-mask 2
targets -set -nocase -filter {name =~ "microblaze*#0" && bscan=="USER2"  && jtag_cable_name =~ "Digilent Nexys4DDR 210292709610A"} -index 0
rst -system
after 3000
targets -set -nocase -filter {name =~ "microblaze*#0" && bscan=="USER2"  && jtag_cable_name =~ "Digilent Nexys4DDR 210292709610A"} -index 0
dow E:/University/4course/SoC/Labs/1/V2/SoC_Lab1/lab_1.sdk/lab_1/Debug/lab_1.elf
----------------End of Script----------------

16:03:59 INFO  : Connected to target on host '127.0.0.1' and port '3121'.
16:03:59 INFO  : Jtag cable 'Digilent Nexys4DDR 210292709610A' is selected.
16:03:59 INFO  : 'jtag frequency' command is executed.
16:03:59 INFO  : 'targets -set -filter {jtag_cable_name =~ "Digilent Nexys4DDR 210292709610A" && level==0} -index 0' command is executed.
16:04:01 INFO  : FPGA configured successfully with bitstream "E:/University/4course/SoC/Labs/1/V2/SoC_Lab1/lab_1.runs/impl_1/design_1_wrapper.bit"
16:04:02 INFO  : 'configparams mdm-detect-bscan-mask 2' command is executed.
16:04:02 INFO  : Context for processor 'microblaze_0' is selected.
16:04:02 INFO  : System reset is completed.
16:04:05 INFO  : 'after 3000' command is executed.
16:04:05 INFO  : Context for processor 'microblaze_0' is selected.
16:04:05 INFO  : The application 'E:/University/4course/SoC/Labs/1/V2/SoC_Lab1/lab_1.sdk/lab_1/Debug/lab_1.elf' is downloaded to processor 'microblaze_0'.
16:04:05 INFO  : ----------------XSDB Script----------------
connect -url tcp:127.0.0.1:3121
targets -set -filter {jtag_cable_name =~ "Digilent Nexys4DDR 210292709610A" && level==0} -index 0
fpga -file E:/University/4course/SoC/Labs/1/V2/SoC_Lab1/lab_1.runs/impl_1/design_1_wrapper.bit
configparams mdm-detect-bscan-mask 2
targets -set -nocase -filter {name =~ "microblaze*#0" && bscan=="USER2"  && jtag_cable_name =~ "Digilent Nexys4DDR 210292709610A"} -index 0
rst -system
after 3000
targets -set -nocase -filter {name =~ "microblaze*#0" && bscan=="USER2"  && jtag_cable_name =~ "Digilent Nexys4DDR 210292709610A"} -index 0
dow E:/University/4course/SoC/Labs/1/V2/SoC_Lab1/lab_1.sdk/lab_1/Debug/lab_1.elf
----------------End of Script----------------

16:04:06 INFO  : Memory regions updated for context MicroBlaze #0
16:04:06 INFO  : Memory regions updated for context MicroBlaze Debug Module at USER2
16:04:06 INFO  : Context for processor 'microblaze_0' is selected.
16:04:06 INFO  : 'con' command is executed.
16:04:06 INFO  : ----------------XSDB Script (After Launch)----------------
targets -set -nocase -filter {name =~ "microblaze*#0" && bscan=="USER2"  && jtag_cable_name =~ "Digilent Nexys4DDR 210292709610A"} -index 0
con
----------------End of Script----------------

16:04:06 INFO  : Launch script is exported to file 'E:\University\4course\SoC\Labs\1\V2\SoC_Lab1\lab_1.sdk\.sdk\launch_scripts\xilinx_c-c++_application_(system_debugger)\debug.tcl'
16:05:07 INFO  : Disconnected from the channel tcfchan#15.
16:05:08 INFO  : Connected to target on host '127.0.0.1' and port '3121'.
16:05:09 INFO  : Jtag cable 'Digilent Nexys4DDR 210292709610A' is selected.
16:05:09 INFO  : 'jtag frequency' command is executed.
16:05:09 INFO  : 'targets -set -filter {jtag_cable_name =~ "Digilent Nexys4DDR 210292709610A" && level==0} -index 0' command is executed.
16:05:11 INFO  : FPGA configured successfully with bitstream "E:/University/4course/SoC/Labs/1/V2/SoC_Lab1/lab_1.runs/impl_1/design_1_wrapper.bit"
16:05:11 INFO  : 'configparams mdm-detect-bscan-mask 2' command is executed.
16:05:11 INFO  : Context for processor 'microblaze_0' is selected.
16:05:11 INFO  : System reset is completed.
16:05:14 INFO  : 'after 3000' command is executed.
16:05:15 INFO  : Context for processor 'microblaze_0' is selected.
16:05:15 INFO  : The application 'E:/University/4course/SoC/Labs/1/V2/SoC_Lab1/lab_1.sdk/lab_1/Debug/lab_1.elf' is downloaded to processor 'microblaze_0'.
16:05:15 INFO  : ----------------XSDB Script----------------
connect -url tcp:127.0.0.1:3121
targets -set -filter {jtag_cable_name =~ "Digilent Nexys4DDR 210292709610A" && level==0} -index 0
fpga -file E:/University/4course/SoC/Labs/1/V2/SoC_Lab1/lab_1.runs/impl_1/design_1_wrapper.bit
configparams mdm-detect-bscan-mask 2
targets -set -nocase -filter {name =~ "microblaze*#0" && bscan=="USER2"  && jtag_cable_name =~ "Digilent Nexys4DDR 210292709610A"} -index 0
rst -system
after 3000
targets -set -nocase -filter {name =~ "microblaze*#0" && bscan=="USER2"  && jtag_cable_name =~ "Digilent Nexys4DDR 210292709610A"} -index 0
dow E:/University/4course/SoC/Labs/1/V2/SoC_Lab1/lab_1.sdk/lab_1/Debug/lab_1.elf
----------------End of Script----------------

16:05:15 INFO  : Memory regions updated for context MicroBlaze #0
16:05:15 INFO  : Memory regions updated for context MicroBlaze Debug Module at USER2
16:05:15 INFO  : Context for processor 'microblaze_0' is selected.
16:05:15 INFO  : 'con' command is executed.
16:05:15 INFO  : ----------------XSDB Script (After Launch)----------------
targets -set -nocase -filter {name =~ "microblaze*#0" && bscan=="USER2"  && jtag_cable_name =~ "Digilent Nexys4DDR 210292709610A"} -index 0
con
----------------End of Script----------------

16:05:15 INFO  : Launch script is exported to file 'E:\University\4course\SoC\Labs\1\V2\SoC_Lab1\lab_1.sdk\.sdk\launch_scripts\xilinx_c-c++_application_(system_debugger)\debug.tcl'
16:06:54 INFO  : Disconnected from the channel tcfchan#16.
16:06:55 INFO  : Connected to target on host '127.0.0.1' and port '3121'.
16:06:56 INFO  : Jtag cable 'Digilent Nexys4DDR 210292709610A' is selected.
16:06:56 INFO  : 'jtag frequency' command is executed.
16:06:56 INFO  : 'targets -set -filter {jtag_cable_name =~ "Digilent Nexys4DDR 210292709610A" && level==0} -index 0' command is executed.
16:07:00 INFO  : FPGA configured successfully with bitstream "E:/University/4course/SoC/Labs/1/V2/SoC_Lab1/lab_1.runs/impl_1/design_1_wrapper.bit"
16:07:00 INFO  : 'configparams mdm-detect-bscan-mask 2' command is executed.
16:07:00 INFO  : Context for processor 'microblaze_0' is selected.
16:07:00 INFO  : System reset is completed.
16:07:03 INFO  : 'after 3000' command is executed.
16:07:03 INFO  : Context for processor 'microblaze_0' is selected.
16:07:04 INFO  : The application 'E:/University/4course/SoC/Labs/1/V2/SoC_Lab1/lab_1.sdk/lab_1/Debug/lab_1.elf' is downloaded to processor 'microblaze_0'.
16:07:04 INFO  : ----------------XSDB Script----------------
connect -url tcp:127.0.0.1:3121
targets -set -filter {jtag_cable_name =~ "Digilent Nexys4DDR 210292709610A" && level==0} -index 0
fpga -file E:/University/4course/SoC/Labs/1/V2/SoC_Lab1/lab_1.runs/impl_1/design_1_wrapper.bit
configparams mdm-detect-bscan-mask 2
targets -set -nocase -filter {name =~ "microblaze*#0" && bscan=="USER2"  && jtag_cable_name =~ "Digilent Nexys4DDR 210292709610A"} -index 0
rst -system
after 3000
targets -set -nocase -filter {name =~ "microblaze*#0" && bscan=="USER2"  && jtag_cable_name =~ "Digilent Nexys4DDR 210292709610A"} -index 0
dow E:/University/4course/SoC/Labs/1/V2/SoC_Lab1/lab_1.sdk/lab_1/Debug/lab_1.elf
----------------End of Script----------------

16:07:04 INFO  : Memory regions updated for context MicroBlaze #0
16:07:04 INFO  : Memory regions updated for context MicroBlaze Debug Module at USER2
16:07:04 INFO  : Context for processor 'microblaze_0' is selected.
16:07:04 INFO  : 'con' command is executed.
16:07:04 INFO  : ----------------XSDB Script (After Launch)----------------
targets -set -nocase -filter {name =~ "microblaze*#0" && bscan=="USER2"  && jtag_cable_name =~ "Digilent Nexys4DDR 210292709610A"} -index 0
con
----------------End of Script----------------

16:07:04 INFO  : Launch script is exported to file 'E:\University\4course\SoC\Labs\1\V2\SoC_Lab1\lab_1.sdk\.sdk\launch_scripts\xilinx_c-c++_application_(system_debugger)\debug.tcl'
16:09:31 INFO  : Disconnected from the channel tcfchan#17.
16:09:32 INFO  : Connected to target on host '127.0.0.1' and port '3121'.
16:09:32 INFO  : Jtag cable 'Digilent Nexys4DDR 210292709610A' is selected.
16:09:32 INFO  : 'jtag frequency' command is executed.
16:09:32 INFO  : 'targets -set -filter {jtag_cable_name =~ "Digilent Nexys4DDR 210292709610A" && level==0} -index 0' command is executed.
16:09:34 INFO  : FPGA configured successfully with bitstream "E:/University/4course/SoC/Labs/1/V2/SoC_Lab1/lab_1.runs/impl_1/design_1_wrapper.bit"
16:09:34 INFO  : 'configparams mdm-detect-bscan-mask 2' command is executed.
16:09:34 INFO  : Context for processor 'microblaze_0' is selected.
16:09:35 INFO  : System reset is completed.
16:09:38 INFO  : 'after 3000' command is executed.
16:09:38 INFO  : Context for processor 'microblaze_0' is selected.
16:09:39 INFO  : The application 'E:/University/4course/SoC/Labs/1/V2/SoC_Lab1/lab_1.sdk/lab_1/Debug/lab_1.elf' is downloaded to processor 'microblaze_0'.
16:09:39 INFO  : ----------------XSDB Script----------------
connect -url tcp:127.0.0.1:3121
targets -set -filter {jtag_cable_name =~ "Digilent Nexys4DDR 210292709610A" && level==0} -index 0
fpga -file E:/University/4course/SoC/Labs/1/V2/SoC_Lab1/lab_1.runs/impl_1/design_1_wrapper.bit
configparams mdm-detect-bscan-mask 2
targets -set -nocase -filter {name =~ "microblaze*#0" && bscan=="USER2"  && jtag_cable_name =~ "Digilent Nexys4DDR 210292709610A"} -index 0
rst -system
after 3000
targets -set -nocase -filter {name =~ "microblaze*#0" && bscan=="USER2"  && jtag_cable_name =~ "Digilent Nexys4DDR 210292709610A"} -index 0
dow E:/University/4course/SoC/Labs/1/V2/SoC_Lab1/lab_1.sdk/lab_1/Debug/lab_1.elf
----------------End of Script----------------

16:09:39 INFO  : Memory regions updated for context MicroBlaze #0
16:09:39 INFO  : Memory regions updated for context MicroBlaze Debug Module at USER2
16:09:39 INFO  : Context for processor 'microblaze_0' is selected.
16:09:39 INFO  : 'con' command is executed.
16:09:39 INFO  : ----------------XSDB Script (After Launch)----------------
targets -set -nocase -filter {name =~ "microblaze*#0" && bscan=="USER2"  && jtag_cable_name =~ "Digilent Nexys4DDR 210292709610A"} -index 0
con
----------------End of Script----------------

16:09:39 INFO  : Launch script is exported to file 'E:\University\4course\SoC\Labs\1\V2\SoC_Lab1\lab_1.sdk\.sdk\launch_scripts\xilinx_c-c++_application_(system_debugger)\debug.tcl'
16:09:55 INFO  : Disconnected from the channel tcfchan#18.
16:09:56 INFO  : Connected to target on host '127.0.0.1' and port '3121'.
16:09:56 INFO  : Jtag cable 'Digilent Nexys4DDR 210292709610A' is selected.
16:09:56 INFO  : 'jtag frequency' command is executed.
16:09:56 INFO  : 'targets -set -filter {jtag_cable_name =~ "Digilent Nexys4DDR 210292709610A" && level==0} -index 0' command is executed.
16:09:58 INFO  : FPGA configured successfully with bitstream "E:/University/4course/SoC/Labs/1/V2/SoC_Lab1/lab_1.runs/impl_1/design_1_wrapper.bit"
16:09:59 INFO  : 'configparams mdm-detect-bscan-mask 2' command is executed.
16:09:59 INFO  : Context for processor 'microblaze_0' is selected.
16:09:59 INFO  : System reset is completed.
16:10:02 INFO  : 'after 3000' command is executed.
16:10:02 INFO  : Context for processor 'microblaze_0' is selected.
16:10:02 INFO  : The application 'E:/University/4course/SoC/Labs/1/V2/SoC_Lab1/lab_1.sdk/lab_1/Debug/lab_1.elf' is downloaded to processor 'microblaze_0'.
16:10:02 INFO  : ----------------XSDB Script----------------
connect -url tcp:127.0.0.1:3121
targets -set -filter {jtag_cable_name =~ "Digilent Nexys4DDR 210292709610A" && level==0} -index 0
fpga -file E:/University/4course/SoC/Labs/1/V2/SoC_Lab1/lab_1.runs/impl_1/design_1_wrapper.bit
configparams mdm-detect-bscan-mask 2
targets -set -nocase -filter {name =~ "microblaze*#0" && bscan=="USER2"  && jtag_cable_name =~ "Digilent Nexys4DDR 210292709610A"} -index 0
rst -system
after 3000
targets -set -nocase -filter {name =~ "microblaze*#0" && bscan=="USER2"  && jtag_cable_name =~ "Digilent Nexys4DDR 210292709610A"} -index 0
dow E:/University/4course/SoC/Labs/1/V2/SoC_Lab1/lab_1.sdk/lab_1/Debug/lab_1.elf
----------------End of Script----------------

16:10:03 INFO  : Memory regions updated for context MicroBlaze #0
16:10:03 INFO  : Memory regions updated for context MicroBlaze Debug Module at USER2
16:10:03 INFO  : Context for processor 'microblaze_0' is selected.
16:10:03 INFO  : 'con' command is executed.
16:10:03 INFO  : ----------------XSDB Script (After Launch)----------------
targets -set -nocase -filter {name =~ "microblaze*#0" && bscan=="USER2"  && jtag_cable_name =~ "Digilent Nexys4DDR 210292709610A"} -index 0
con
----------------End of Script----------------

16:10:03 INFO  : Launch script is exported to file 'E:\University\4course\SoC\Labs\1\V2\SoC_Lab1\lab_1.sdk\.sdk\launch_scripts\xilinx_c-c++_application_(system_debugger)\debug.tcl'
16:11:08 INFO  : Disconnected from the channel tcfchan#19.
16:11:09 INFO  : Connected to target on host '127.0.0.1' and port '3121'.
16:11:10 INFO  : Jtag cable 'Digilent Nexys4DDR 210292709610A' is selected.
16:11:10 INFO  : 'jtag frequency' command is executed.
16:11:10 INFO  : 'targets -set -filter {jtag_cable_name =~ "Digilent Nexys4DDR 210292709610A" && level==0} -index 0' command is executed.
16:11:12 INFO  : FPGA configured successfully with bitstream "E:/University/4course/SoC/Labs/1/V2/SoC_Lab1/lab_1.runs/impl_1/design_1_wrapper.bit"
16:11:12 INFO  : 'configparams mdm-detect-bscan-mask 2' command is executed.
16:11:12 INFO  : Context for processor 'microblaze_0' is selected.
16:11:12 INFO  : System reset is completed.
16:11:15 INFO  : 'after 3000' command is executed.
16:11:15 INFO  : Context for processor 'microblaze_0' is selected.
16:11:16 INFO  : The application 'E:/University/4course/SoC/Labs/1/V2/SoC_Lab1/lab_1.sdk/lab_1/Debug/lab_1.elf' is downloaded to processor 'microblaze_0'.
16:11:16 INFO  : ----------------XSDB Script----------------
connect -url tcp:127.0.0.1:3121
targets -set -filter {jtag_cable_name =~ "Digilent Nexys4DDR 210292709610A" && level==0} -index 0
fpga -file E:/University/4course/SoC/Labs/1/V2/SoC_Lab1/lab_1.runs/impl_1/design_1_wrapper.bit
configparams mdm-detect-bscan-mask 2
targets -set -nocase -filter {name =~ "microblaze*#0" && bscan=="USER2"  && jtag_cable_name =~ "Digilent Nexys4DDR 210292709610A"} -index 0
rst -system
after 3000
targets -set -nocase -filter {name =~ "microblaze*#0" && bscan=="USER2"  && jtag_cable_name =~ "Digilent Nexys4DDR 210292709610A"} -index 0
dow E:/University/4course/SoC/Labs/1/V2/SoC_Lab1/lab_1.sdk/lab_1/Debug/lab_1.elf
----------------End of Script----------------

16:11:16 INFO  : Memory regions updated for context MicroBlaze #0
16:11:16 INFO  : Memory regions updated for context MicroBlaze Debug Module at USER2
16:11:16 INFO  : Context for processor 'microblaze_0' is selected.
16:11:16 INFO  : 'con' command is executed.
16:11:16 INFO  : ----------------XSDB Script (After Launch)----------------
targets -set -nocase -filter {name =~ "microblaze*#0" && bscan=="USER2"  && jtag_cable_name =~ "Digilent Nexys4DDR 210292709610A"} -index 0
con
----------------End of Script----------------

16:11:16 INFO  : Launch script is exported to file 'E:\University\4course\SoC\Labs\1\V2\SoC_Lab1\lab_1.sdk\.sdk\launch_scripts\xilinx_c-c++_application_(system_debugger)\debug.tcl'
