
*** Running vivado
    with args -log design_1_wrapper.vds -m64 -product Vivado -mode batch -messageDb vivado.pb -notrace -source design_1_wrapper.tcl


****** Vivado v2019.1 (64-bit)
  **** SW Build 2552052 on Fri May 24 14:49:42 MDT 2019
  **** IP Build 2548770 on Fri May 24 18:01:18 MDT 2019
    ** Copyright 1986-2019 Xilinx, Inc. All Rights Reserved.

source design_1_wrapper.tcl -notrace
INFO: [IP_Flow 19-234] Refreshing IP repositories
INFO: [IP_Flow 19-1704] No user IP repositories specified
INFO: [IP_Flow 19-2313] Loaded Vivado IP repository 'C:/Xilinx/Vivado/2019.1/data/ip'.
Command: synth_design -top design_1_wrapper -part xc7a100tcsg324-1
Starting synth_design
Attempting to get a license for feature 'Synthesis' and/or device 'xc7a100t'
INFO: [Common 17-349] Got license for feature 'Synthesis' and/or device 'xc7a100t'
INFO: [Device 21-403] Loading part xc7a100tcsg324-1
INFO: Launching helper process for spawning children vivado processes
INFO: Helper process launched with PID 20908 
---------------------------------------------------------------------------------
Starting RTL Elaboration : Time (s): cpu = 00:00:03 ; elapsed = 00:00:03 . Memory (MB): peak = 840.988 ; gain = 178.824
---------------------------------------------------------------------------------
INFO: [Synth 8-6157] synthesizing module 'design_1_wrapper' [C:/Users/shilk/Desktop/lab_1/lab_1.srcs/sources_1/bd/design_1/hdl/design_1_wrapper.v:12]
INFO: [Synth 8-6157] synthesizing module 'design_1' [C:/Users/shilk/Desktop/lab_1/lab_1.srcs/sources_1/bd/design_1/synth/design_1.v:13]
INFO: [Synth 8-6157] synthesizing module 'design_1_axi_gpio_0_0' [C:/Users/shilk/Desktop/lab_1/lab_1.runs/synth_1/.Xil/Vivado-17884-DESKTOP-NGGELA4/realtime/design_1_axi_gpio_0_0_stub.v:6]
INFO: [Synth 8-6155] done synthesizing module 'design_1_axi_gpio_0_0' (1#1) [C:/Users/shilk/Desktop/lab_1/lab_1.runs/synth_1/.Xil/Vivado-17884-DESKTOP-NGGELA4/realtime/design_1_axi_gpio_0_0_stub.v:6]
INFO: [Synth 8-6157] synthesizing module 'design_1_axi_interconnect_0_0' [C:/Users/shilk/Desktop/lab_1/lab_1.srcs/sources_1/bd/design_1/synth/design_1.v:333]
INFO: [Synth 8-6157] synthesizing module 'm00_couplers_imp_1CA5Z32' [C:/Users/shilk/Desktop/lab_1/lab_1.srcs/sources_1/bd/design_1/synth/design_1.v:795]
INFO: [Synth 8-6155] done synthesizing module 'm00_couplers_imp_1CA5Z32' (2#1) [C:/Users/shilk/Desktop/lab_1/lab_1.srcs/sources_1/bd/design_1/synth/design_1.v:795]
INFO: [Synth 8-6157] synthesizing module 'm01_couplers_imp_I4GRPB' [C:/Users/shilk/Desktop/lab_1/lab_1.srcs/sources_1/bd/design_1/synth/design_1.v:927]
INFO: [Synth 8-6155] done synthesizing module 'm01_couplers_imp_I4GRPB' (3#1) [C:/Users/shilk/Desktop/lab_1/lab_1.srcs/sources_1/bd/design_1/synth/design_1.v:927]
INFO: [Synth 8-6157] synthesizing module 's00_couplers_imp_O7FAN0' [C:/Users/shilk/Desktop/lab_1/lab_1.srcs/sources_1/bd/design_1/synth/design_1.v:1293]
INFO: [Synth 8-6155] done synthesizing module 's00_couplers_imp_O7FAN0' (4#1) [C:/Users/shilk/Desktop/lab_1/lab_1.srcs/sources_1/bd/design_1/synth/design_1.v:1293]
INFO: [Synth 8-6157] synthesizing module 'design_1_xbar_0' [C:/Users/shilk/Desktop/lab_1/lab_1.runs/synth_1/.Xil/Vivado-17884-DESKTOP-NGGELA4/realtime/design_1_xbar_0_stub.v:6]
INFO: [Synth 8-6155] done synthesizing module 'design_1_xbar_0' (5#1) [C:/Users/shilk/Desktop/lab_1/lab_1.runs/synth_1/.Xil/Vivado-17884-DESKTOP-NGGELA4/realtime/design_1_xbar_0_stub.v:6]
WARNING: [Synth 8-7023] instance 'xbar' of module 'design_1_xbar_0' has 40 connections declared, but only 38 given [C:/Users/shilk/Desktop/lab_1/lab_1.srcs/sources_1/bd/design_1/synth/design_1.v:754]
INFO: [Synth 8-6155] done synthesizing module 'design_1_axi_interconnect_0_0' (6#1) [C:/Users/shilk/Desktop/lab_1/lab_1.srcs/sources_1/bd/design_1/synth/design_1.v:333]
INFO: [Synth 8-6157] synthesizing module 'design_1_axi_uartlite_0_0' [C:/Users/shilk/Desktop/lab_1/lab_1.runs/synth_1/.Xil/Vivado-17884-DESKTOP-NGGELA4/realtime/design_1_axi_uartlite_0_0_stub.v:6]
INFO: [Synth 8-6155] done synthesizing module 'design_1_axi_uartlite_0_0' (7#1) [C:/Users/shilk/Desktop/lab_1/lab_1.runs/synth_1/.Xil/Vivado-17884-DESKTOP-NGGELA4/realtime/design_1_axi_uartlite_0_0_stub.v:6]
WARNING: [Synth 8-7023] instance 'axi_uartlite_0' of module 'design_1_axi_uartlite_0_0' has 22 connections declared, but only 21 given [C:/Users/shilk/Desktop/lab_1/lab_1.srcs/sources_1/bd/design_1/synth/design_1.v:207]
INFO: [Synth 8-6157] synthesizing module 'design_1_clk_wiz_1_0' [C:/Users/shilk/Desktop/lab_1/lab_1.runs/synth_1/.Xil/Vivado-17884-DESKTOP-NGGELA4/realtime/design_1_clk_wiz_1_0_stub.v:5]
INFO: [Synth 8-6155] done synthesizing module 'design_1_clk_wiz_1_0' (8#1) [C:/Users/shilk/Desktop/lab_1/lab_1.runs/synth_1/.Xil/Vivado-17884-DESKTOP-NGGELA4/realtime/design_1_clk_wiz_1_0_stub.v:5]
INFO: [Synth 8-6157] synthesizing module 'design_1_mdm_1_0' [C:/Users/shilk/Desktop/lab_1/lab_1.runs/synth_1/.Xil/Vivado-17884-DESKTOP-NGGELA4/realtime/design_1_mdm_1_0_stub.v:6]
INFO: [Synth 8-6155] done synthesizing module 'design_1_mdm_1_0' (9#1) [C:/Users/shilk/Desktop/lab_1/lab_1.runs/synth_1/.Xil/Vivado-17884-DESKTOP-NGGELA4/realtime/design_1_mdm_1_0_stub.v:6]
INFO: [Synth 8-6157] synthesizing module 'design_1_microblaze_0_0' [C:/Users/shilk/Desktop/lab_1/lab_1.runs/synth_1/.Xil/Vivado-17884-DESKTOP-NGGELA4/realtime/design_1_microblaze_0_0_stub.v:6]
INFO: [Synth 8-6155] done synthesizing module 'design_1_microblaze_0_0' (10#1) [C:/Users/shilk/Desktop/lab_1/lab_1.runs/synth_1/.Xil/Vivado-17884-DESKTOP-NGGELA4/realtime/design_1_microblaze_0_0_stub.v:6]
WARNING: [Synth 8-7023] instance 'microblaze_0' of module 'design_1_microblaze_0_0' has 52 connections declared, but only 51 given [C:/Users/shilk/Desktop/lab_1/lab_1.srcs/sources_1/bd/design_1/synth/design_1.v:247]
INFO: [Synth 8-6157] synthesizing module 'microblaze_0_local_memory_imp_1K0VQXK' [C:/Users/shilk/Desktop/lab_1/lab_1.srcs/sources_1/bd/design_1/synth/design_1.v:1059]
INFO: [Synth 8-6157] synthesizing module 'design_1_dlmb_bram_if_cntlr_0' [C:/Users/shilk/Desktop/lab_1/lab_1.runs/synth_1/.Xil/Vivado-17884-DESKTOP-NGGELA4/realtime/design_1_dlmb_bram_if_cntlr_0_stub.v:6]
INFO: [Synth 8-6155] done synthesizing module 'design_1_dlmb_bram_if_cntlr_0' (11#1) [C:/Users/shilk/Desktop/lab_1/lab_1.runs/synth_1/.Xil/Vivado-17884-DESKTOP-NGGELA4/realtime/design_1_dlmb_bram_if_cntlr_0_stub.v:6]
INFO: [Synth 8-6157] synthesizing module 'design_1_dlmb_v10_0' [C:/Users/shilk/Desktop/lab_1/lab_1.runs/synth_1/.Xil/Vivado-17884-DESKTOP-NGGELA4/realtime/design_1_dlmb_v10_0_stub.v:6]
INFO: [Synth 8-6155] done synthesizing module 'design_1_dlmb_v10_0' (12#1) [C:/Users/shilk/Desktop/lab_1/lab_1.runs/synth_1/.Xil/Vivado-17884-DESKTOP-NGGELA4/realtime/design_1_dlmb_v10_0_stub.v:6]
WARNING: [Synth 8-7023] instance 'dlmb_v10' of module 'design_1_dlmb_v10_0' has 25 connections declared, but only 24 given [C:/Users/shilk/Desktop/lab_1/lab_1.srcs/sources_1/bd/design_1/synth/design_1.v:1205]
INFO: [Synth 8-6157] synthesizing module 'design_1_ilmb_bram_if_cntlr_0' [C:/Users/shilk/Desktop/lab_1/lab_1.runs/synth_1/.Xil/Vivado-17884-DESKTOP-NGGELA4/realtime/design_1_ilmb_bram_if_cntlr_0_stub.v:6]
INFO: [Synth 8-6155] done synthesizing module 'design_1_ilmb_bram_if_cntlr_0' (13#1) [C:/Users/shilk/Desktop/lab_1/lab_1.runs/synth_1/.Xil/Vivado-17884-DESKTOP-NGGELA4/realtime/design_1_ilmb_bram_if_cntlr_0_stub.v:6]
INFO: [Synth 8-6157] synthesizing module 'design_1_ilmb_v10_0' [C:/Users/shilk/Desktop/lab_1/lab_1.runs/synth_1/.Xil/Vivado-17884-DESKTOP-NGGELA4/realtime/design_1_ilmb_v10_0_stub.v:6]
INFO: [Synth 8-6155] done synthesizing module 'design_1_ilmb_v10_0' (14#1) [C:/Users/shilk/Desktop/lab_1/lab_1.runs/synth_1/.Xil/Vivado-17884-DESKTOP-NGGELA4/realtime/design_1_ilmb_v10_0_stub.v:6]
WARNING: [Synth 8-7023] instance 'ilmb_v10' of module 'design_1_ilmb_v10_0' has 25 connections declared, but only 24 given [C:/Users/shilk/Desktop/lab_1/lab_1.srcs/sources_1/bd/design_1/synth/design_1.v:1251]
INFO: [Synth 8-6157] synthesizing module 'design_1_lmb_bram_0' [C:/Users/shilk/Desktop/lab_1/lab_1.runs/synth_1/.Xil/Vivado-17884-DESKTOP-NGGELA4/realtime/design_1_lmb_bram_0_stub.v:6]
INFO: [Synth 8-6155] done synthesizing module 'design_1_lmb_bram_0' (15#1) [C:/Users/shilk/Desktop/lab_1/lab_1.runs/synth_1/.Xil/Vivado-17884-DESKTOP-NGGELA4/realtime/design_1_lmb_bram_0_stub.v:6]
WARNING: [Synth 8-7023] instance 'lmb_bram' of module 'design_1_lmb_bram_0' has 16 connections declared, but only 14 given [C:/Users/shilk/Desktop/lab_1/lab_1.srcs/sources_1/bd/design_1/synth/design_1.v:1276]
INFO: [Synth 8-6155] done synthesizing module 'microblaze_0_local_memory_imp_1K0VQXK' (16#1) [C:/Users/shilk/Desktop/lab_1/lab_1.srcs/sources_1/bd/design_1/synth/design_1.v:1059]
INFO: [Synth 8-6157] synthesizing module 'design_1_rst_clk_wiz_1_100M_0' [C:/Users/shilk/Desktop/lab_1/lab_1.runs/synth_1/.Xil/Vivado-17884-DESKTOP-NGGELA4/realtime/design_1_rst_clk_wiz_1_100M_0_stub.v:6]
INFO: [Synth 8-6155] done synthesizing module 'design_1_rst_clk_wiz_1_100M_0' (17#1) [C:/Users/shilk/Desktop/lab_1/lab_1.runs/synth_1/.Xil/Vivado-17884-DESKTOP-NGGELA4/realtime/design_1_rst_clk_wiz_1_100M_0_stub.v:6]
WARNING: [Synth 8-7023] instance 'rst_clk_wiz_1_100M' of module 'design_1_rst_clk_wiz_1_100M_0' has 10 connections declared, but only 9 given [C:/Users/shilk/Desktop/lab_1/lab_1.srcs/sources_1/bd/design_1/synth/design_1.v:321]
INFO: [Synth 8-6155] done synthesizing module 'design_1' (18#1) [C:/Users/shilk/Desktop/lab_1/lab_1.srcs/sources_1/bd/design_1/synth/design_1.v:13]
INFO: [Synth 8-6155] done synthesizing module 'design_1_wrapper' (19#1) [C:/Users/shilk/Desktop/lab_1/lab_1.srcs/sources_1/bd/design_1/hdl/design_1_wrapper.v:12]
WARNING: [Synth 8-3331] design s00_couplers_imp_O7FAN0 has unconnected port M_ACLK
WARNING: [Synth 8-3331] design s00_couplers_imp_O7FAN0 has unconnected port M_ARESETN
WARNING: [Synth 8-3331] design s00_couplers_imp_O7FAN0 has unconnected port S_ACLK
WARNING: [Synth 8-3331] design s00_couplers_imp_O7FAN0 has unconnected port S_ARESETN
WARNING: [Synth 8-3331] design m01_couplers_imp_I4GRPB has unconnected port M_ACLK
WARNING: [Synth 8-3331] design m01_couplers_imp_I4GRPB has unconnected port M_ARESETN
WARNING: [Synth 8-3331] design m01_couplers_imp_I4GRPB has unconnected port S_ACLK
WARNING: [Synth 8-3331] design m01_couplers_imp_I4GRPB has unconnected port S_ARESETN
WARNING: [Synth 8-3331] design m00_couplers_imp_1CA5Z32 has unconnected port M_ACLK
WARNING: [Synth 8-3331] design m00_couplers_imp_1CA5Z32 has unconnected port M_ARESETN
WARNING: [Synth 8-3331] design m00_couplers_imp_1CA5Z32 has unconnected port S_ACLK
WARNING: [Synth 8-3331] design m00_couplers_imp_1CA5Z32 has unconnected port S_ARESETN
---------------------------------------------------------------------------------
Finished RTL Elaboration : Time (s): cpu = 00:00:04 ; elapsed = 00:00:05 . Memory (MB): peak = 908.582 ; gain = 246.418
---------------------------------------------------------------------------------

Report Check Netlist: 
+------+------------------+-------+---------+-------+------------------+
|      |Item              |Errors |Warnings |Status |Description       |
+------+------------------+-------+---------+-------+------------------+
|1     |multi_driven_nets |      0|        0|Passed |Multi driven nets |
+------+------------------+-------+---------+-------+------------------+
---------------------------------------------------------------------------------
Start Handling Custom Attributes
---------------------------------------------------------------------------------
---------------------------------------------------------------------------------
Finished Handling Custom Attributes : Time (s): cpu = 00:00:04 ; elapsed = 00:00:05 . Memory (MB): peak = 908.582 ; gain = 246.418
---------------------------------------------------------------------------------
---------------------------------------------------------------------------------
Finished RTL Optimization Phase 1 : Time (s): cpu = 00:00:04 ; elapsed = 00:00:05 . Memory (MB): peak = 908.582 ; gain = 246.418
---------------------------------------------------------------------------------
INFO: [Project 1-570] Preparing netlist for logic optimization

Processing XDC Constraints
Initializing timing engine
Parsing XDC File [c:/Users/shilk/Desktop/lab_1/lab_1.srcs/sources_1/bd/design_1/ip/design_1_microblaze_0_0/design_1_microblaze_0_0/design_1_microblaze_0_0_in_context.xdc] for cell 'design_1_i/microblaze_0'
Finished Parsing XDC File [c:/Users/shilk/Desktop/lab_1/lab_1.srcs/sources_1/bd/design_1/ip/design_1_microblaze_0_0/design_1_microblaze_0_0/design_1_microblaze_0_0_in_context.xdc] for cell 'design_1_i/microblaze_0'
Parsing XDC File [c:/Users/shilk/Desktop/lab_1/lab_1.srcs/sources_1/bd/design_1/ip/design_1_dlmb_v10_0/design_1_dlmb_v10_0/design_1_dlmb_v10_0_in_context.xdc] for cell 'design_1_i/microblaze_0_local_memory/dlmb_v10'
Finished Parsing XDC File [c:/Users/shilk/Desktop/lab_1/lab_1.srcs/sources_1/bd/design_1/ip/design_1_dlmb_v10_0/design_1_dlmb_v10_0/design_1_dlmb_v10_0_in_context.xdc] for cell 'design_1_i/microblaze_0_local_memory/dlmb_v10'
Parsing XDC File [c:/Users/shilk/Desktop/lab_1/lab_1.srcs/sources_1/bd/design_1/ip/design_1_ilmb_v10_0/design_1_ilmb_v10_0/design_1_dlmb_v10_0_in_context.xdc] for cell 'design_1_i/microblaze_0_local_memory/ilmb_v10'
Finished Parsing XDC File [c:/Users/shilk/Desktop/lab_1/lab_1.srcs/sources_1/bd/design_1/ip/design_1_ilmb_v10_0/design_1_ilmb_v10_0/design_1_dlmb_v10_0_in_context.xdc] for cell 'design_1_i/microblaze_0_local_memory/ilmb_v10'
Parsing XDC File [c:/Users/shilk/Desktop/lab_1/lab_1.srcs/sources_1/bd/design_1/ip/design_1_dlmb_bram_if_cntlr_0/design_1_dlmb_bram_if_cntlr_0/design_1_dlmb_bram_if_cntlr_0_in_context.xdc] for cell 'design_1_i/microblaze_0_local_memory/dlmb_bram_if_cntlr'
Finished Parsing XDC File [c:/Users/shilk/Desktop/lab_1/lab_1.srcs/sources_1/bd/design_1/ip/design_1_dlmb_bram_if_cntlr_0/design_1_dlmb_bram_if_cntlr_0/design_1_dlmb_bram_if_cntlr_0_in_context.xdc] for cell 'design_1_i/microblaze_0_local_memory/dlmb_bram_if_cntlr'
Parsing XDC File [c:/Users/shilk/Desktop/lab_1/lab_1.srcs/sources_1/bd/design_1/ip/design_1_ilmb_bram_if_cntlr_0/design_1_ilmb_bram_if_cntlr_0/design_1_ilmb_bram_if_cntlr_0_in_context.xdc] for cell 'design_1_i/microblaze_0_local_memory/ilmb_bram_if_cntlr'
Finished Parsing XDC File [c:/Users/shilk/Desktop/lab_1/lab_1.srcs/sources_1/bd/design_1/ip/design_1_ilmb_bram_if_cntlr_0/design_1_ilmb_bram_if_cntlr_0/design_1_ilmb_bram_if_cntlr_0_in_context.xdc] for cell 'design_1_i/microblaze_0_local_memory/ilmb_bram_if_cntlr'
Parsing XDC File [c:/Users/shilk/Desktop/lab_1/lab_1.srcs/sources_1/bd/design_1/ip/design_1_lmb_bram_0/design_1_lmb_bram_0/design_1_lmb_bram_0_in_context.xdc] for cell 'design_1_i/microblaze_0_local_memory/lmb_bram'
Finished Parsing XDC File [c:/Users/shilk/Desktop/lab_1/lab_1.srcs/sources_1/bd/design_1/ip/design_1_lmb_bram_0/design_1_lmb_bram_0/design_1_lmb_bram_0_in_context.xdc] for cell 'design_1_i/microblaze_0_local_memory/lmb_bram'
Parsing XDC File [c:/Users/shilk/Desktop/lab_1/lab_1.srcs/sources_1/bd/design_1/ip/design_1_mdm_1_0/design_1_mdm_1_0/design_1_mdm_1_0_in_context.xdc] for cell 'design_1_i/mdm_1'
Finished Parsing XDC File [c:/Users/shilk/Desktop/lab_1/lab_1.srcs/sources_1/bd/design_1/ip/design_1_mdm_1_0/design_1_mdm_1_0/design_1_mdm_1_0_in_context.xdc] for cell 'design_1_i/mdm_1'
Parsing XDC File [c:/Users/shilk/Desktop/lab_1/lab_1.srcs/sources_1/bd/design_1/ip/design_1_clk_wiz_1_0/design_1_clk_wiz_1_0/design_1_clk_wiz_1_0_in_context.xdc] for cell 'design_1_i/clk_wiz_1'
Finished Parsing XDC File [c:/Users/shilk/Desktop/lab_1/lab_1.srcs/sources_1/bd/design_1/ip/design_1_clk_wiz_1_0/design_1_clk_wiz_1_0/design_1_clk_wiz_1_0_in_context.xdc] for cell 'design_1_i/clk_wiz_1'
Parsing XDC File [c:/Users/shilk/Desktop/lab_1/lab_1.srcs/sources_1/bd/design_1/ip/design_1_rst_clk_wiz_1_100M_0/design_1_rst_clk_wiz_1_100M_0/design_1_rst_clk_wiz_1_100M_0_in_context.xdc] for cell 'design_1_i/rst_clk_wiz_1_100M'
Finished Parsing XDC File [c:/Users/shilk/Desktop/lab_1/lab_1.srcs/sources_1/bd/design_1/ip/design_1_rst_clk_wiz_1_100M_0/design_1_rst_clk_wiz_1_100M_0/design_1_rst_clk_wiz_1_100M_0_in_context.xdc] for cell 'design_1_i/rst_clk_wiz_1_100M'
Parsing XDC File [c:/Users/shilk/Desktop/lab_1/lab_1.srcs/sources_1/bd/design_1/ip/design_1_axi_gpio_0_0/design_1_axi_gpio_0_0/design_1_axi_gpio_0_0_in_context.xdc] for cell 'design_1_i/axi_gpio_0'
Finished Parsing XDC File [c:/Users/shilk/Desktop/lab_1/lab_1.srcs/sources_1/bd/design_1/ip/design_1_axi_gpio_0_0/design_1_axi_gpio_0_0/design_1_axi_gpio_0_0_in_context.xdc] for cell 'design_1_i/axi_gpio_0'
Parsing XDC File [c:/Users/shilk/Desktop/lab_1/lab_1.srcs/sources_1/bd/design_1/ip/design_1_xbar_0/design_1_xbar_0/design_1_xbar_0_in_context.xdc] for cell 'design_1_i/axi_interconnect_0/xbar'
Finished Parsing XDC File [c:/Users/shilk/Desktop/lab_1/lab_1.srcs/sources_1/bd/design_1/ip/design_1_xbar_0/design_1_xbar_0/design_1_xbar_0_in_context.xdc] for cell 'design_1_i/axi_interconnect_0/xbar'
Parsing XDC File [c:/Users/shilk/Desktop/lab_1/lab_1.srcs/sources_1/bd/design_1/ip/design_1_axi_uartlite_0_0/design_1_axi_uartlite_0_0/design_1_axi_uartlite_0_0_in_context.xdc] for cell 'design_1_i/axi_uartlite_0'
Finished Parsing XDC File [c:/Users/shilk/Desktop/lab_1/lab_1.srcs/sources_1/bd/design_1/ip/design_1_axi_uartlite_0_0/design_1_axi_uartlite_0_0/design_1_axi_uartlite_0_0_in_context.xdc] for cell 'design_1_i/axi_uartlite_0'
Parsing XDC File [C:/Users/shilk/Desktop/lab_1/lab_1.srcs/constrs_1/new/constr.xdc]
Finished Parsing XDC File [C:/Users/shilk/Desktop/lab_1/lab_1.srcs/constrs_1/new/constr.xdc]
INFO: [Project 1-236] Implementation specific constraints were found while reading constraint file [C:/Users/shilk/Desktop/lab_1/lab_1.srcs/constrs_1/new/constr.xdc]. These constraints will be ignored for synthesis but will be used in implementation. Impacted constraints are listed in the file [.Xil/design_1_wrapper_propImpl.xdc].
Resolution: To avoid this warning, move constraints listed in [.Xil/design_1_wrapper_propImpl.xdc] to another XDC file and exclude this new file from synthesis with the used_in_synthesis property (File Properties dialog in GUI) and re-run elaboration/synthesis.
Parsing XDC File [C:/Users/shilk/Desktop/lab_1/lab_1.runs/synth_1/dont_touch.xdc]
Finished Parsing XDC File [C:/Users/shilk/Desktop/lab_1/lab_1.runs/synth_1/dont_touch.xdc]
Completed Processing XDC Constraints

Netlist sorting complete. Time (s): cpu = 00:00:00 ; elapsed = 00:00:00 . Memory (MB): peak = 993.359 ; gain = 0.000
INFO: [Project 1-111] Unisim Transformation Summary:
No Unisim elements were transformed.

Constraint Validation Runtime : Time (s): cpu = 00:00:00 ; elapsed = 00:00:00.014 . Memory (MB): peak = 993.359 ; gain = 0.000
WARNING: [Timing 38-316] Clock period '20.000' specified during out-of-context synthesis of instance 'design_1_i/microblaze_0_local_memory/lmb_bram' at clock pin 'clka' is different from the actual clock period '10.000', this can lead to different synthesis results.
---------------------------------------------------------------------------------
Finished Constraint Validation : Time (s): cpu = 00:00:10 ; elapsed = 00:00:11 . Memory (MB): peak = 995.535 ; gain = 333.371
---------------------------------------------------------------------------------
---------------------------------------------------------------------------------
Start Loading Part and Timing Information
---------------------------------------------------------------------------------
Loading part: xc7a100tcsg324-1
---------------------------------------------------------------------------------
Finished Loading Part and Timing Information : Time (s): cpu = 00:00:10 ; elapsed = 00:00:11 . Memory (MB): peak = 995.535 ; gain = 333.371
---------------------------------------------------------------------------------
---------------------------------------------------------------------------------
Start Applying 'set_property' XDC Constraints
---------------------------------------------------------------------------------
Applied set_property IO_BUFFER_TYPE = NONE for clk_100MHz. (constraint file  c:/Users/shilk/Desktop/lab_1/lab_1.srcs/sources_1/bd/design_1/ip/design_1_clk_wiz_1_0/design_1_clk_wiz_1_0/design_1_clk_wiz_1_0_in_context.xdc, line 3).
Applied set_property CLOCK_BUFFER_TYPE = NONE for clk_100MHz. (constraint file  c:/Users/shilk/Desktop/lab_1/lab_1.srcs/sources_1/bd/design_1/ip/design_1_clk_wiz_1_0/design_1_clk_wiz_1_0/design_1_clk_wiz_1_0_in_context.xdc, line 4).
Applied set_property DONT_TOUCH = true for design_1_i. (constraint file  auto generated constraint, line ).
Applied set_property DONT_TOUCH = true for design_1_i/microblaze_0. (constraint file  auto generated constraint, line ).
Applied set_property DONT_TOUCH = true for design_1_i/microblaze_0_local_memory/dlmb_v10. (constraint file  auto generated constraint, line ).
Applied set_property DONT_TOUCH = true for design_1_i/microblaze_0_local_memory/ilmb_v10. (constraint file  auto generated constraint, line ).
Applied set_property DONT_TOUCH = true for design_1_i/microblaze_0_local_memory/dlmb_bram_if_cntlr. (constraint file  auto generated constraint, line ).
Applied set_property DONT_TOUCH = true for design_1_i/microblaze_0_local_memory/ilmb_bram_if_cntlr. (constraint file  auto generated constraint, line ).
Applied set_property DONT_TOUCH = true for design_1_i/microblaze_0_local_memory/lmb_bram. (constraint file  auto generated constraint, line ).
Applied set_property DONT_TOUCH = true for design_1_i/mdm_1. (constraint file  auto generated constraint, line ).
Applied set_property DONT_TOUCH = true for design_1_i/clk_wiz_1. (constraint file  auto generated constraint, line ).
Applied set_property DONT_TOUCH = true for design_1_i/rst_clk_wiz_1_100M. (constraint file  auto generated constraint, line ).
Applied set_property DONT_TOUCH = true for design_1_i/axi_gpio_0. (constraint file  auto generated constraint, line ).
Applied set_property DONT_TOUCH = true for design_1_i/axi_interconnect_0/xbar. (constraint file  auto generated constraint, line ).
Applied set_property DONT_TOUCH = true for design_1_i/axi_interconnect_0. (constraint file  auto generated constraint, line ).
Applied set_property DONT_TOUCH = true for design_1_i/axi_uartlite_0. (constraint file  auto generated constraint, line ).
---------------------------------------------------------------------------------
Finished applying 'set_property' XDC Constraints : Time (s): cpu = 00:00:10 ; elapsed = 00:00:11 . Memory (MB): peak = 995.535 ; gain = 333.371
---------------------------------------------------------------------------------
---------------------------------------------------------------------------------
Finished RTL Optimization Phase 2 : Time (s): cpu = 00:00:10 ; elapsed = 00:00:11 . Memory (MB): peak = 995.535 ; gain = 333.371
---------------------------------------------------------------------------------

Report RTL Partitions: 
+-+--------------+------------+----------+
| |RTL Partition |Replication |Instances |
+-+--------------+------------+----------+
+-+--------------+------------+----------+
---------------------------------------------------------------------------------
Start RTL Component Statistics 
---------------------------------------------------------------------------------
Detailed RTL Component Info : 
---------------------------------------------------------------------------------
Finished RTL Component Statistics 
---------------------------------------------------------------------------------
---------------------------------------------------------------------------------
Start RTL Hierarchical Component Statistics 
---------------------------------------------------------------------------------
Hierarchical RTL Component report 
---------------------------------------------------------------------------------
Finished RTL Hierarchical Component Statistics
---------------------------------------------------------------------------------
---------------------------------------------------------------------------------
Start Part Resource Summary
---------------------------------------------------------------------------------
Part Resources:
DSPs: 240 (col length:80)
BRAMs: 270 (col length: RAMB18 80 RAMB36 40)
---------------------------------------------------------------------------------
Finished Part Resource Summary
---------------------------------------------------------------------------------
---------------------------------------------------------------------------------
Start Cross Boundary and Area Optimization
---------------------------------------------------------------------------------
Warning: Parallel synthesis criteria is not met 
WARNING: [Synth 8-3331] design design_1_axi_interconnect_0_0 has unconnected port M00_ACLK
WARNING: [Synth 8-3331] design design_1_axi_interconnect_0_0 has unconnected port M00_ARESETN
WARNING: [Synth 8-3331] design design_1_axi_interconnect_0_0 has unconnected port M01_ACLK
WARNING: [Synth 8-3331] design design_1_axi_interconnect_0_0 has unconnected port M01_ARESETN
WARNING: [Synth 8-3331] design design_1_axi_interconnect_0_0 has unconnected port S00_ACLK
WARNING: [Synth 8-3331] design design_1_axi_interconnect_0_0 has unconnected port S00_ARESETN
---------------------------------------------------------------------------------
Finished Cross Boundary and Area Optimization : Time (s): cpu = 00:00:12 ; elapsed = 00:00:13 . Memory (MB): peak = 995.535 ; gain = 333.371
---------------------------------------------------------------------------------

Report RTL Partitions: 
+-+--------------+------------+----------+
| |RTL Partition |Replication |Instances |
+-+--------------+------------+----------+
+-+--------------+------------+----------+
---------------------------------------------------------------------------------
Start Applying XDC Timing Constraints
---------------------------------------------------------------------------------
INFO: [Synth 8-5578] Moved timing constraint from pin 'design_1_i/microblaze_0_local_memory/dlmb_bram_if_cntlr/BRAM_Clk_A' to pin 'design_1_i/microblaze_0_local_memory/dlmb_bram_if_cntlr/bbstub_BRAM_Clk_A/O'
INFO: [Synth 8-5578] Moved timing constraint from pin 'design_1_i/microblaze_0_local_memory/ilmb_bram_if_cntlr/BRAM_Clk_A' to pin 'design_1_i/microblaze_0_local_memory/ilmb_bram_if_cntlr/bbstub_BRAM_Clk_A/O'
INFO: [Synth 8-5578] Moved timing constraint from pin 'design_1_i/mdm_1/Dbg_Clk_0' to pin 'design_1_i/mdm_1/bbstub_Dbg_Clk_0/O'
INFO: [Synth 8-5578] Moved timing constraint from pin 'design_1_i/mdm_1/Dbg_Update_0' to pin 'design_1_i/mdm_1/bbstub_Dbg_Update_0/O'
INFO: [Synth 8-5578] Moved timing constraint from pin 'design_1_i/clk_wiz_1/clk_out1' to pin 'design_1_i/clk_wiz_1/bbstub_clk_out1/O'
INFO: [Synth 8-5819] Moved 5 constraints on hierarchical pins to their respective driving/loading pins
---------------------------------------------------------------------------------
Finished Applying XDC Timing Constraints : Time (s): cpu = 00:00:19 ; elapsed = 00:00:20 . Memory (MB): peak = 995.535 ; gain = 333.371
---------------------------------------------------------------------------------
---------------------------------------------------------------------------------
Start Timing Optimization
---------------------------------------------------------------------------------
---------------------------------------------------------------------------------
Finished Timing Optimization : Time (s): cpu = 00:00:19 ; elapsed = 00:00:20 . Memory (MB): peak = 995.535 ; gain = 333.371
---------------------------------------------------------------------------------

Report RTL Partitions: 
+-+--------------+------------+----------+
| |RTL Partition |Replication |Instances |
+-+--------------+------------+----------+
+-+--------------+------------+----------+
---------------------------------------------------------------------------------
Start Technology Mapping
---------------------------------------------------------------------------------
---------------------------------------------------------------------------------
Finished Technology Mapping : Time (s): cpu = 00:00:19 ; elapsed = 00:00:20 . Memory (MB): peak = 1000.609 ; gain = 338.445
---------------------------------------------------------------------------------

Report RTL Partitions: 
+-+--------------+------------+----------+
| |RTL Partition |Replication |Instances |
+-+--------------+------------+----------+
+-+--------------+------------+----------+
---------------------------------------------------------------------------------
Start IO Insertion
---------------------------------------------------------------------------------
---------------------------------------------------------------------------------
Start Flattening Before IO Insertion
---------------------------------------------------------------------------------
---------------------------------------------------------------------------------
Finished Flattening Before IO Insertion
---------------------------------------------------------------------------------
---------------------------------------------------------------------------------
Start Final Netlist Cleanup
---------------------------------------------------------------------------------
---------------------------------------------------------------------------------
Finished Final Netlist Cleanup
---------------------------------------------------------------------------------
---------------------------------------------------------------------------------
Finished IO Insertion : Time (s): cpu = 00:00:21 ; elapsed = 00:00:22 . Memory (MB): peak = 1015.406 ; gain = 353.242
---------------------------------------------------------------------------------

Report Check Netlist: 
+------+------------------+-------+---------+-------+------------------+
|      |Item              |Errors |Warnings |Status |Description       |
+------+------------------+-------+---------+-------+------------------+
|1     |multi_driven_nets |      0|        0|Passed |Multi driven nets |
+------+------------------+-------+---------+-------+------------------+
---------------------------------------------------------------------------------
Start Renaming Generated Instances
---------------------------------------------------------------------------------
---------------------------------------------------------------------------------
Finished Renaming Generated Instances : Time (s): cpu = 00:00:21 ; elapsed = 00:00:22 . Memory (MB): peak = 1015.406 ; gain = 353.242
---------------------------------------------------------------------------------

Report RTL Partitions: 
+-+--------------+------------+----------+
| |RTL Partition |Replication |Instances |
+-+--------------+------------+----------+
+-+--------------+------------+----------+
---------------------------------------------------------------------------------
Start Rebuilding User Hierarchy
---------------------------------------------------------------------------------
---------------------------------------------------------------------------------
Finished Rebuilding User Hierarchy : Time (s): cpu = 00:00:21 ; elapsed = 00:00:22 . Memory (MB): peak = 1015.406 ; gain = 353.242
---------------------------------------------------------------------------------
---------------------------------------------------------------------------------
Start Renaming Generated Ports
---------------------------------------------------------------------------------
---------------------------------------------------------------------------------
Finished Renaming Generated Ports : Time (s): cpu = 00:00:21 ; elapsed = 00:00:22 . Memory (MB): peak = 1015.406 ; gain = 353.242
---------------------------------------------------------------------------------
---------------------------------------------------------------------------------
Start Handling Custom Attributes
---------------------------------------------------------------------------------
---------------------------------------------------------------------------------
Finished Handling Custom Attributes : Time (s): cpu = 00:00:21 ; elapsed = 00:00:22 . Memory (MB): peak = 1015.406 ; gain = 353.242
---------------------------------------------------------------------------------
---------------------------------------------------------------------------------
Start Renaming Generated Nets
---------------------------------------------------------------------------------
---------------------------------------------------------------------------------
Finished Renaming Generated Nets : Time (s): cpu = 00:00:21 ; elapsed = 00:00:22 . Memory (MB): peak = 1015.406 ; gain = 353.242
---------------------------------------------------------------------------------
---------------------------------------------------------------------------------
Start Writing Synthesis Report
---------------------------------------------------------------------------------

Report BlackBoxes: 
+------+------------------------------+----------+
|      |BlackBox name                 |Instances |
+------+------------------------------+----------+
|1     |design_1_xbar_0               |         1|
|2     |design_1_axi_gpio_0_0         |         1|
|3     |design_1_axi_uartlite_0_0     |         1|
|4     |design_1_clk_wiz_1_0          |         1|
|5     |design_1_mdm_1_0              |         1|
|6     |design_1_microblaze_0_0       |         1|
|7     |design_1_rst_clk_wiz_1_100M_0 |         1|
|8     |design_1_dlmb_bram_if_cntlr_0 |         1|
|9     |design_1_dlmb_v10_0           |         1|
|10    |design_1_ilmb_bram_if_cntlr_0 |         1|
|11    |design_1_ilmb_v10_0           |         1|
|12    |design_1_lmb_bram_0           |         1|
+------+------------------------------+----------+

Report Cell Usage: 
+------+------------------------------+------+
|      |Cell                          |Count |
+------+------------------------------+------+
|1     |design_1_axi_gpio_0_0         |     1|
|2     |design_1_axi_uartlite_0_0     |     1|
|3     |design_1_clk_wiz_1_0          |     1|
|4     |design_1_dlmb_bram_if_cntlr_0 |     1|
|5     |design_1_dlmb_v10_0           |     1|
|6     |design_1_ilmb_bram_if_cntlr_0 |     1|
|7     |design_1_ilmb_v10_0           |     1|
|8     |design_1_lmb_bram_0           |     1|
|9     |design_1_mdm_1_0              |     1|
|10    |design_1_microblaze_0_0       |     1|
|11    |design_1_rst_clk_wiz_1_100M_0 |     1|
|12    |design_1_xbar_0               |     1|
|13    |IBUF                          |     2|
|14    |OBUF                          |    17|
+------+------------------------------+------+

Report Instance Areas: 
+------+------------------------------+--------------------------------------+------+
|      |Instance                      |Module                                |Cells |
+------+------------------------------+--------------------------------------+------+
|1     |top                           |                                      |  1120|
|2     |  design_1_i                  |design_1                              |  1101|
|3     |    axi_interconnect_0        |design_1_axi_interconnect_0_0         |   263|
|4     |    microblaze_0_local_memory |microblaze_0_local_memory_imp_1K0VQXK |   496|
+------+------------------------------+--------------------------------------+------+
---------------------------------------------------------------------------------
Finished Writing Synthesis Report : Time (s): cpu = 00:00:21 ; elapsed = 00:00:22 . Memory (MB): peak = 1015.406 ; gain = 353.242
---------------------------------------------------------------------------------
Synthesis finished with 0 errors, 0 critical warnings and 6 warnings.
Synthesis Optimization Runtime : Time (s): cpu = 00:00:14 ; elapsed = 00:00:20 . Memory (MB): peak = 1015.406 ; gain = 266.289
Synthesis Optimization Complete : Time (s): cpu = 00:00:21 ; elapsed = 00:00:22 . Memory (MB): peak = 1015.406 ; gain = 353.242
INFO: [Project 1-571] Translating synthesized netlist
INFO: [Project 1-570] Preparing netlist for logic optimization
INFO: [Opt 31-138] Pushed 0 inverter(s) to 0 load pin(s).
Netlist sorting complete. Time (s): cpu = 00:00:00 ; elapsed = 00:00:00 . Memory (MB): peak = 1039.402 ; gain = 0.000
INFO: [Project 1-111] Unisim Transformation Summary:
No Unisim elements were transformed.

INFO: [Common 17-83] Releasing license: Synthesis
57 Infos, 26 Warnings, 0 Critical Warnings and 0 Errors encountered.
synth_design completed successfully
synth_design: Time (s): cpu = 00:00:27 ; elapsed = 00:00:29 . Memory (MB): peak = 1039.402 ; gain = 647.934
Netlist sorting complete. Time (s): cpu = 00:00:00 ; elapsed = 00:00:00 . Memory (MB): peak = 1039.402 ; gain = 0.000
WARNING: [Constraints 18-5210] No constraints selected for write.
Resolution: This message can indicate that there are no constraints for the design, or it can indicate that the used_in flags are set such that the constraints are ignored. This later case is used when running synth_design to not write synthesis constraints to the resulting checkpoint. Instead, project constraints are read when the synthesized design is opened.
INFO: [Common 17-1381] The checkpoint 'C:/Users/shilk/Desktop/lab_1/lab_1.runs/synth_1/design_1_wrapper.dcp' has been generated.
INFO: [runtcl-4] Executing : report_utilization -file design_1_wrapper_utilization_synth.rpt -pb design_1_wrapper_utilization_synth.pb
INFO: [Common 17-206] Exiting Vivado at Mon Sep 14 12:05:13 2020...
