INFO: [VRFC 10-2263] Analyzing Verilog file "C:/Users/shilk/Desktop/lab_1/lab_1.ip_user_files/bd/design_1/ip/design_1_lmb_bram_0/sim/design_1_lmb_bram_0.v" into library xil_defaultlib
INFO: [VRFC 10-311] analyzing module design_1_lmb_bram_0
INFO: [VRFC 10-2263] Analyzing Verilog file "C:/Users/shilk/Desktop/lab_1/lab_1.ip_user_files/bd/design_1/ip/design_1_clk_wiz_1_0/design_1_clk_wiz_1_0_clk_wiz.v" into library xil_defaultlib
INFO: [VRFC 10-311] analyzing module design_1_clk_wiz_1_0_clk_wiz
INFO: [VRFC 10-2263] Analyzing Verilog file "C:/Users/shilk/Desktop/lab_1/lab_1.ip_user_files/bd/design_1/ip/design_1_clk_wiz_1_0/design_1_clk_wiz_1_0.v" into library xil_defaultlib
INFO: [VRFC 10-311] analyzing module design_1_clk_wiz_1_0
INFO: [VRFC 10-2263] Analyzing Verilog file "C:/Users/shilk/Desktop/lab_1/lab_1.ip_user_files/bd/design_1/ip/design_1_xbar_0/sim/design_1_xbar_0.v" into library xil_defaultlib
INFO: [VRFC 10-311] analyzing module design_1_xbar_0
INFO: [VRFC 10-2263] Analyzing Verilog file "C:/Users/shilk/Desktop/lab_1/lab_1.ip_user_files/bd/design_1/sim/design_1.v" into library xil_defaultlib
INFO: [VRFC 10-311] analyzing module design_1
INFO: [VRFC 10-311] analyzing module design_1_axi_interconnect_0_0
INFO: [VRFC 10-311] analyzing module m00_couplers_imp_1CA5Z32
INFO: [VRFC 10-311] analyzing module m01_couplers_imp_I4GRPB
INFO: [VRFC 10-311] analyzing module microblaze_0_local_memory_imp_1K0VQXK
INFO: [VRFC 10-311] analyzing module s00_couplers_imp_O7FAN0
INFO: [VRFC 10-2263] Analyzing Verilog file "C:/Users/shilk/Desktop/lab_1/lab_1.srcs/sources_1/bd/design_1/hdl/design_1_wrapper.v" into library xil_defaultlib
INFO: [VRFC 10-311] analyzing module design_1_wrapper
INFO: [VRFC 10-2263] Analyzing Verilog file "C:/Users/shilk/Desktop/lab_1/lab_1.srcs/sim_1/new/all_dev_tb.v" into library xil_defaultlib
INFO: [VRFC 10-311] analyzing module all_dev_tb
INFO: [VRFC 10-2263] Analyzing Verilog file "C:/Users/shilk/Desktop/lab_1/lab_1.sim/sim_1/behav/xsim/glbl.v" into library xil_defaultlib
INFO: [VRFC 10-311] analyzing module glbl
INFO: [VRFC 10-163] Analyzing VHDL file "C:/Users/shilk/Desktop/lab_1/lab_1.ip_user_files/bd/design_1/ip/design_1_microblaze_0_0/sim/design_1_microblaze_0_0.vhd" into library xil_defaultlib
INFO: [VRFC 10-3107] analyzing entity 'design_1_microblaze_0_0'
INFO: [VRFC 10-163] Analyzing VHDL file "C:/Users/shilk/Desktop/lab_1/lab_1.ip_user_files/bd/design_1/ip/design_1_dlmb_v10_0/sim/design_1_dlmb_v10_0.vhd" into library xil_defaultlib
INFO: [VRFC 10-3107] analyzing entity 'design_1_dlmb_v10_0'
INFO: [VRFC 10-163] Analyzing VHDL file "C:/Users/shilk/Desktop/lab_1/lab_1.ip_user_files/bd/design_1/ip/design_1_ilmb_v10_0/sim/design_1_ilmb_v10_0.vhd" into library xil_defaultlib
INFO: [VRFC 10-3107] analyzing entity 'design_1_ilmb_v10_0'
INFO: [VRFC 10-163] Analyzing VHDL file "C:/Users/shilk/Desktop/lab_1/lab_1.ip_user_files/bd/design_1/ip/design_1_dlmb_bram_if_cntlr_0/sim/design_1_dlmb_bram_if_cntlr_0.vhd" into library xil_defaultlib
INFO: [VRFC 10-3107] analyzing entity 'design_1_dlmb_bram_if_cntlr_0'
INFO: [VRFC 10-163] Analyzing VHDL file "C:/Users/shilk/Desktop/lab_1/lab_1.ip_user_files/bd/design_1/ip/design_1_ilmb_bram_if_cntlr_0/sim/design_1_ilmb_bram_if_cntlr_0.vhd" into library xil_defaultlib
INFO: [VRFC 10-3107] analyzing entity 'design_1_ilmb_bram_if_cntlr_0'
INFO: [VRFC 10-163] Analyzing VHDL file "C:/Users/shilk/Desktop/lab_1/lab_1.ip_user_files/bd/design_1/ip/design_1_mdm_1_0/sim/design_1_mdm_1_0.vhd" into library xil_defaultlib
INFO: [VRFC 10-3107] analyzing entity 'design_1_mdm_1_0'
INFO: [VRFC 10-163] Analyzing VHDL file "C:/Users/shilk/Desktop/lab_1/lab_1.ip_user_files/bd/design_1/ip/design_1_rst_clk_wiz_1_100M_0/sim/design_1_rst_clk_wiz_1_100M_0.vhd" into library xil_defaultlib
INFO: [VRFC 10-3107] analyzing entity 'design_1_rst_clk_wiz_1_100M_0'
INFO: [VRFC 10-163] Analyzing VHDL file "C:/Users/shilk/Desktop/lab_1/lab_1.ip_user_files/bd/design_1/ip/design_1_axi_gpio_0_0/sim/design_1_axi_gpio_0_0.vhd" into library xil_defaultlib
INFO: [VRFC 10-3107] analyzing entity 'design_1_axi_gpio_0_0'
INFO: [VRFC 10-163] Analyzing VHDL file "C:/Users/shilk/Desktop/lab_1/lab_1.ip_user_files/bd/design_1/ip/design_1_axi_uartlite_0_0/sim/design_1_axi_uartlite_0_0.vhd" into library xil_defaultlib
INFO: [VRFC 10-3107] analyzing entity 'design_1_axi_uartlite_0_0'
